2015-09-07 16:05:54,899 [nicolai]  Created  Project [lex-kort-komplet] with ID [130]
2015-09-07 16:05:54,910 [nicolai]  Added layer [de.tudarmstadt.ukp.dkpro.core.api.segmentation.type.Token] with ID [845]
2015-09-07 16:05:54,912 [nicolai]  Added tagset [STTS] with ID [716]
2015-09-07 16:05:54,913 [nicolai]  Added tag [$(] with ID [22443] to TagSet [STTS]
2015-09-07 16:05:54,914 [nicolai]  Added tag [$,] with ID [22444] to TagSet [STTS]
2015-09-07 16:05:54,915 [nicolai]  Added tag [$.] with ID [22445] to TagSet [STTS]
2015-09-07 16:05:54,916 [nicolai]  Added tag [ADJA] with ID [22446] to TagSet [STTS]
2015-09-07 16:05:54,917 [nicolai]  Added tag [ADJD] with ID [22447] to TagSet [STTS]
2015-09-07 16:05:54,918 [nicolai]  Added tag [ADV] with ID [22448] to TagSet [STTS]
2015-09-07 16:05:54,919 [nicolai]  Added tag [APPO] with ID [22449] to TagSet [STTS]
2015-09-07 16:05:54,920 [nicolai]  Added tag [APPR] with ID [22450] to TagSet [STTS]
2015-09-07 16:05:54,920 [nicolai]  Added tag [APPRART] with ID [22451] to TagSet [STTS]
2015-09-07 16:05:54,921 [nicolai]  Added tag [APZR] with ID [22452] to TagSet [STTS]
2015-09-07 16:05:54,922 [nicolai]  Added tag [ART] with ID [22453] to TagSet [STTS]
2015-09-07 16:05:54,923 [nicolai]  Added tag [CARD] with ID [22454] to TagSet [STTS]
2015-09-07 16:05:54,924 [nicolai]  Added tag [FM] with ID [22455] to TagSet [STTS]
2015-09-07 16:05:54,924 [nicolai]  Added tag [ITJ] with ID [22456] to TagSet [STTS]
2015-09-07 16:05:54,925 [nicolai]  Added tag [KOKOM] with ID [22457] to TagSet [STTS]
2015-09-07 16:05:54,926 [nicolai]  Added tag [KON] with ID [22458] to TagSet [STTS]
2015-09-07 16:05:54,927 [nicolai]  Added tag [KOUI] with ID [22459] to TagSet [STTS]
2015-09-07 16:05:54,928 [nicolai]  Added tag [KOUS] with ID [22460] to TagSet [STTS]
2015-09-07 16:05:54,928 [nicolai]  Added tag [NE] with ID [22461] to TagSet [STTS]
2015-09-07 16:05:54,929 [nicolai]  Added tag [NN] with ID [22462] to TagSet [STTS]
2015-09-07 16:05:54,930 [nicolai]  Added tag [PAV] with ID [22463] to TagSet [STTS]
2015-09-07 16:05:54,931 [nicolai]  Added tag [PDAT] with ID [22464] to TagSet [STTS]
2015-09-07 16:05:54,932 [nicolai]  Added tag [PDS] with ID [22465] to TagSet [STTS]
2015-09-07 16:05:54,933 [nicolai]  Added tag [PIAT] with ID [22466] to TagSet [STTS]
2015-09-07 16:05:54,933 [nicolai]  Added tag [PIDAT] with ID [22467] to TagSet [STTS]
2015-09-07 16:05:54,934 [nicolai]  Added tag [PIS] with ID [22468] to TagSet [STTS]
2015-09-07 16:05:54,935 [nicolai]  Added tag [PPER] with ID [22469] to TagSet [STTS]
2015-09-07 16:05:54,936 [nicolai]  Added tag [PPOSAT] with ID [22470] to TagSet [STTS]
2015-09-07 16:05:54,936 [nicolai]  Added tag [PPOSS] with ID [22471] to TagSet [STTS]
2015-09-07 16:05:54,937 [nicolai]  Added tag [PRELAT] with ID [22472] to TagSet [STTS]
2015-09-07 16:05:54,938 [nicolai]  Added tag [PRELS] with ID [22473] to TagSet [STTS]
2015-09-07 16:05:54,939 [nicolai]  Added tag [PRF] with ID [22474] to TagSet [STTS]
2015-09-07 16:05:54,940 [nicolai]  Added tag [PROAV] with ID [22475] to TagSet [STTS]
2015-09-07 16:05:54,940 [nicolai]  Added tag [PTKA] with ID [22476] to TagSet [STTS]
2015-09-07 16:05:54,941 [nicolai]  Added tag [PTKANT] with ID [22477] to TagSet [STTS]
2015-09-07 16:05:54,942 [nicolai]  Added tag [PTKNEG] with ID [22478] to TagSet [STTS]
2015-09-07 16:05:54,943 [nicolai]  Added tag [PTKVZ] with ID [22479] to TagSet [STTS]
2015-09-07 16:05:54,944 [nicolai]  Added tag [PTKZU] with ID [22480] to TagSet [STTS]
2015-09-07 16:05:54,944 [nicolai]  Added tag [PWAT] with ID [22481] to TagSet [STTS]
2015-09-07 16:05:54,945 [nicolai]  Added tag [PWAV] with ID [22482] to TagSet [STTS]
2015-09-07 16:05:54,946 [nicolai]  Added tag [PWS] with ID [22483] to TagSet [STTS]
2015-09-07 16:05:54,947 [nicolai]  Added tag [TRUNC] with ID [22484] to TagSet [STTS]
2015-09-07 16:05:54,948 [nicolai]  Added tag [VAFIN] with ID [22485] to TagSet [STTS]
2015-09-07 16:05:54,949 [nicolai]  Added tag [VAIMP] with ID [22486] to TagSet [STTS]
2015-09-07 16:05:54,950 [nicolai]  Added tag [VAINF] with ID [22487] to TagSet [STTS]
2015-09-07 16:05:54,951 [nicolai]  Added tag [VAPP] with ID [22488] to TagSet [STTS]
2015-09-07 16:05:54,951 [nicolai]  Added tag [VMFIN] with ID [22489] to TagSet [STTS]
2015-09-07 16:05:54,952 [nicolai]  Added tag [VMINF] with ID [22490] to TagSet [STTS]
2015-09-07 16:05:54,953 [nicolai]  Added tag [VMPP] with ID [22491] to TagSet [STTS]
2015-09-07 16:05:54,954 [nicolai]  Added tag [VVFIN] with ID [22492] to TagSet [STTS]
2015-09-07 16:05:54,955 [nicolai]  Added tag [VVIMP] with ID [22493] to TagSet [STTS]
2015-09-07 16:05:54,956 [nicolai]  Added tag [VVINF] with ID [22494] to TagSet [STTS]
2015-09-07 16:05:54,957 [nicolai]  Added tag [VVIZU] with ID [22495] to TagSet [STTS]
2015-09-07 16:05:54,958 [nicolai]  Added tag [VVPP] with ID [22496] to TagSet [STTS]
2015-09-07 16:05:54,958 [nicolai]  Added tag [XY] with ID [22497] to TagSet [STTS]
2015-09-07 16:05:54,959 [nicolai]  Added tag [--] with ID [22498] to TagSet [STTS]
2015-09-07 16:05:54,962 [nicolai]  Added layer [de.tudarmstadt.ukp.dkpro.core.api.lexmorph.type.pos.POS] with ID [846]
2015-09-07 16:05:54,964 [nicolai]  Added tagset [Tiger] with ID [717]
2015-09-07 16:05:54,964 [nicolai]  Added tag [ADV] with ID [22499] to TagSet [Tiger]
2015-09-07 16:05:54,965 [nicolai]  Added tag [APP] with ID [22500] to TagSet [Tiger]
2015-09-07 16:05:54,966 [nicolai]  Added tag [ATTR] with ID [22501] to TagSet [Tiger]
2015-09-07 16:05:54,967 [nicolai]  Added tag [AUX] with ID [22502] to TagSet [Tiger]
2015-09-07 16:05:54,967 [nicolai]  Added tag [AVZ] with ID [22503] to TagSet [Tiger]
2015-09-07 16:05:54,968 [nicolai]  Added tag [CJ] with ID [22504] to TagSet [Tiger]
2015-09-07 16:05:54,969 [nicolai]  Added tag [DET] with ID [22505] to TagSet [Tiger]
2015-09-07 16:05:54,970 [nicolai]  Added tag [ETH] with ID [22506] to TagSet [Tiger]
2015-09-07 16:05:54,970 [nicolai]  Added tag [EXPL] with ID [22507] to TagSet [Tiger]
2015-09-07 16:05:54,971 [nicolai]  Added tag [GMOD] with ID [22508] to TagSet [Tiger]
2015-09-07 16:05:54,972 [nicolai]  Added tag [GRAD] with ID [22509] to TagSet [Tiger]
2015-09-07 16:05:54,973 [nicolai]  Added tag [KOM] with ID [22510] to TagSet [Tiger]
2015-09-07 16:05:54,974 [nicolai]  Added tag [KON] with ID [22511] to TagSet [Tiger]
2015-09-07 16:05:54,975 [nicolai]  Added tag [KONJ] with ID [22512] to TagSet [Tiger]
2015-09-07 16:05:54,975 [nicolai]  Added tag [NEB] with ID [22513] to TagSet [Tiger]
2015-09-07 16:05:54,976 [nicolai]  Added tag [OBJA] with ID [22514] to TagSet [Tiger]
2015-09-07 16:05:54,977 [nicolai]  Added tag [OBJA2] with ID [22515] to TagSet [Tiger]
2015-09-07 16:05:54,978 [nicolai]  Added tag [OBJA3] with ID [22516] to TagSet [Tiger]
2015-09-07 16:05:54,979 [nicolai]  Added tag [OBJC] with ID [22517] to TagSet [Tiger]
2015-09-07 16:05:54,979 [nicolai]  Added tag [OBJC2] with ID [22518] to TagSet [Tiger]
2015-09-07 16:05:54,980 [nicolai]  Added tag [OBJC3] with ID [22519] to TagSet [Tiger]
2015-09-07 16:05:54,981 [nicolai]  Added tag [OBJD] with ID [22520] to TagSet [Tiger]
2015-09-07 16:05:54,982 [nicolai]  Added tag [OBJD2] with ID [22521] to TagSet [Tiger]
2015-09-07 16:05:54,983 [nicolai]  Added tag [OBJD3] with ID [22522] to TagSet [Tiger]
2015-09-07 16:05:54,983 [nicolai]  Added tag [OBJG] with ID [22523] to TagSet [Tiger]
2015-09-07 16:05:54,984 [nicolai]  Added tag [OBJG2] with ID [22524] to TagSet [Tiger]
2015-09-07 16:05:54,985 [nicolai]  Added tag [OBJG3] with ID [22525] to TagSet [Tiger]
2015-09-07 16:05:54,986 [nicolai]  Added tag [OBJI] with ID [22526] to TagSet [Tiger]
2015-09-07 16:05:54,987 [nicolai]  Added tag [OBJI2] with ID [22527] to TagSet [Tiger]
2015-09-07 16:05:54,987 [nicolai]  Added tag [OBJI3] with ID [22528] to TagSet [Tiger]
2015-09-07 16:05:54,988 [nicolai]  Added tag [OBJP] with ID [22529] to TagSet [Tiger]
2015-09-07 16:05:54,989 [nicolai]  Added tag [OBJP2] with ID [22530] to TagSet [Tiger]
2015-09-07 16:05:54,990 [nicolai]  Added tag [OBJP3] with ID [22531] to TagSet [Tiger]
2015-09-07 16:05:54,990 [nicolai]  Added tag [PAR] with ID [22532] to TagSet [Tiger]
2015-09-07 16:05:54,991 [nicolai]  Added tag [PART] with ID [22533] to TagSet [Tiger]
2015-09-07 16:05:54,992 [nicolai]  Added tag [PN] with ID [22534] to TagSet [Tiger]
2015-09-07 16:05:54,993 [nicolai]  Added tag [PP] with ID [22535] to TagSet [Tiger]
2015-09-07 16:05:54,994 [nicolai]  Added tag [PRED] with ID [22536] to TagSet [Tiger]
2015-09-07 16:05:54,994 [nicolai]  Added tag [-PUNCT-] with ID [22537] to TagSet [Tiger]
2015-09-07 16:05:54,995 [nicolai]  Added tag [REL] with ID [22538] to TagSet [Tiger]
2015-09-07 16:05:54,996 [nicolai]  Added tag [ROOT] with ID [22539] to TagSet [Tiger]
2015-09-07 16:05:54,996 [nicolai]  Added tag [S] with ID [22540] to TagSet [Tiger]
2015-09-07 16:05:54,997 [nicolai]  Added tag [SUBJ] with ID [22541] to TagSet [Tiger]
2015-09-07 16:05:54,998 [nicolai]  Added tag [SUBJ2] with ID [22542] to TagSet [Tiger]
2015-09-07 16:05:54,999 [nicolai]  Added tag [SUBJ3] with ID [22543] to TagSet [Tiger]
2015-09-07 16:05:55,000 [nicolai]  Added tag [SUBJC] with ID [22544] to TagSet [Tiger]
2015-09-07 16:05:55,000 [nicolai]  Added tag [SUBJC2] with ID [22545] to TagSet [Tiger]
2015-09-07 16:05:55,001 [nicolai]  Added tag [SUBJC3] with ID [22546] to TagSet [Tiger]
2015-09-07 16:05:55,002 [nicolai]  Added tag [SUBJI] with ID [22547] to TagSet [Tiger]
2015-09-07 16:05:55,003 [nicolai]  Added tag [SUBJI2] with ID [22548] to TagSet [Tiger]
2015-09-07 16:05:55,004 [nicolai]  Added tag [CP] with ID [22549] to TagSet [Tiger]
2015-09-07 16:05:55,004 [nicolai]  Added tag [PD] with ID [22550] to TagSet [Tiger]
2015-09-07 16:05:55,005 [nicolai]  Added tag [RE] with ID [22551] to TagSet [Tiger]
2015-09-07 16:05:55,006 [nicolai]  Added tag [CD] with ID [22552] to TagSet [Tiger]
2015-09-07 16:05:55,007 [nicolai]  Added tag [DA] with ID [22553] to TagSet [Tiger]
2015-09-07 16:05:55,007 [nicolai]  Added tag [SVP] with ID [22554] to TagSet [Tiger]
2015-09-07 16:05:55,008 [nicolai]  Added tag [OP] with ID [22555] to TagSet [Tiger]
2015-09-07 16:05:55,009 [nicolai]  Added tag [MO] with ID [22556] to TagSet [Tiger]
2015-09-07 16:05:55,010 [nicolai]  Added tag [JU] with ID [22557] to TagSet [Tiger]
2015-09-07 16:05:55,010 [nicolai]  Added tag [CVC] with ID [22558] to TagSet [Tiger]
2015-09-07 16:05:55,011 [nicolai]  Added tag [NG] with ID [22559] to TagSet [Tiger]
2015-09-07 16:05:55,012 [nicolai]  Added tag [SB] with ID [22560] to TagSet [Tiger]
2015-09-07 16:05:55,013 [nicolai]  Added tag [SBP] with ID [22561] to TagSet [Tiger]
2015-09-07 16:05:55,014 [nicolai]  Added tag [AG] with ID [22562] to TagSet [Tiger]
2015-09-07 16:05:55,014 [nicolai]  Added tag [PM] with ID [22563] to TagSet [Tiger]
2015-09-07 16:05:55,015 [nicolai]  Added tag [OCRC] with ID [22564] to TagSet [Tiger]
2015-09-07 16:05:55,016 [nicolai]  Added tag [OG] with ID [22565] to TagSet [Tiger]
2015-09-07 16:05:55,017 [nicolai]  Added tag [SUBJI3] with ID [22566] to TagSet [Tiger]
2015-09-07 16:05:55,018 [nicolai]  Added tag [VOK] with ID [22567] to TagSet [Tiger]
2015-09-07 16:05:55,018 [nicolai]  Added tag [ZEIT] with ID [22568] to TagSet [Tiger]
2015-09-07 16:05:55,019 [nicolai]  Added tag [$] with ID [22569] to TagSet [Tiger]
2015-09-07 16:05:55,020 [nicolai]  Added tag [--] with ID [22570] to TagSet [Tiger]
2015-09-07 16:05:55,021 [nicolai]  Added tag [OC] with ID [22571] to TagSet [Tiger]
2015-09-07 16:05:55,022 [nicolai]  Added tag [OA] with ID [22572] to TagSet [Tiger]
2015-09-07 16:05:55,022 [nicolai]  Added tag [MNR] with ID [22573] to TagSet [Tiger]
2015-09-07 16:05:55,023 [nicolai]  Added tag [NK] with ID [22574] to TagSet [Tiger]
2015-09-07 16:05:55,024 [nicolai]  Added tag [RC] with ID [22575] to TagSet [Tiger]
2015-09-07 16:05:55,025 [nicolai]  Added tag [EP] with ID [22576] to TagSet [Tiger]
2015-09-07 16:05:55,026 [nicolai]  Added tag [CC] with ID [22577] to TagSet [Tiger]
2015-09-07 16:05:55,027 [nicolai]  Added tag [CM] with ID [22578] to TagSet [Tiger]
2015-09-07 16:05:55,027 [nicolai]  Added tag [UC] with ID [22579] to TagSet [Tiger]
2015-09-07 16:05:55,028 [nicolai]  Added tag [AC] with ID [22580] to TagSet [Tiger]
2015-09-07 16:05:55,029 [nicolai]  Added tag [PNC] with ID [22581] to TagSet [Tiger]
2015-09-07 16:05:55,034 [nicolai]  Added layer [de.tudarmstadt.ukp.dkpro.core.api.syntax.type.dependency.Dependency] with ID [847]
2015-09-07 16:05:55,035 [nicolai]  Added tagset [NER_WebAnno] with ID [718]
2015-09-07 16:05:55,036 [nicolai]  Added tag [PER] with ID [22582] to TagSet [NER_WebAnno]
2015-09-07 16:05:55,037 [nicolai]  Added tag [PERderiv] with ID [22583] to TagSet [NER_WebAnno]
2015-09-07 16:05:55,038 [nicolai]  Added tag [PERpart] with ID [22584] to TagSet [NER_WebAnno]
2015-09-07 16:05:55,038 [nicolai]  Added tag [LOC] with ID [22585] to TagSet [NER_WebAnno]
2015-09-07 16:05:55,039 [nicolai]  Added tag [LOCderiv] with ID [22586] to TagSet [NER_WebAnno]
2015-09-07 16:05:55,040 [nicolai]  Added tag [LOCpart] with ID [22587] to TagSet [NER_WebAnno]
2015-09-07 16:05:55,041 [nicolai]  Added tag [ORG] with ID [22588] to TagSet [NER_WebAnno]
2015-09-07 16:05:55,042 [nicolai]  Added tag [ORGderiv] with ID [22589] to TagSet [NER_WebAnno]
2015-09-07 16:05:55,042 [nicolai]  Added tag [ORGpart] with ID [22590] to TagSet [NER_WebAnno]
2015-09-07 16:05:55,043 [nicolai]  Added tag [OTH] with ID [22591] to TagSet [NER_WebAnno]
2015-09-07 16:05:55,044 [nicolai]  Added tag [OTHderiv] with ID [22592] to TagSet [NER_WebAnno]
2015-09-07 16:05:55,045 [nicolai]  Added tag [OTHpart] with ID [22593] to TagSet [NER_WebAnno]
2015-09-07 16:05:55,046 [nicolai]  Added layer [de.tudarmstadt.ukp.dkpro.core.api.ner.type.NamedEntity] with ID [848]
2015-09-07 16:05:55,047 [nicolai]  Added tagset [BART] with ID [719]
2015-09-07 16:05:55,048 [nicolai]  Added tag [nam] with ID [22594] to TagSet [BART]
2015-09-07 16:05:55,049 [nicolai]  Added tagset [TuebaDZ] with ID [720]
2015-09-07 16:05:55,050 [nicolai]  Added tag [anaphoric] with ID [22595] to TagSet [TuebaDZ]
2015-09-07 16:05:55,051 [nicolai]  Added layer [de.tudarmstadt.ukp.dkpro.core.api.coref.type.Coreference] with ID [849]
2015-09-07 16:05:55,054 [nicolai]  Added layer [de.tudarmstadt.ukp.dkpro.core.api.segmentation.type.Lemma] with ID [850]
2015-09-07 16:05:55,056 [nicolai]  Added layer [de.tudarmstadt.ukp.dkpro.core.api.syntax.type.chunk.Chunk] with ID [851]
2015-09-07 16:06:00,081 [sussi]  New Permission created on Project[lex-kort-komplet] for user [sussi] with permission [USER]]
2015-09-07 16:06:03,863 [sussi]  Removed Project Permission [USER] for the USer [sussi] From project [130]
2015-09-07 16:06:03,874 [sussi]  New Permission created on Project[lex-kort-komplet] for user [sussi] with permission [ADMIN]]
2015-09-07 16:06:03,891 [sussi]  New Permission created on Project[lex-kort-komplet] for user [sussi] with permission [CURATOR]]
2015-09-07 16:06:03,906 [sussi]  New Permission created on Project[lex-kort-komplet] for user [sussi] with permission [USER]]
2015-09-07 16:29:03,770 [sussi]  Added tagset [kort-tagset-full] with ID [722]
2015-09-07 16:30:16,066 [sussi]  Added tag [kort_1] with ID [22614] to TagSet [kort-tagset-full]
2015-09-07 16:31:05,615 [sussi]  Added tag [kort_1a] with ID [22615] to TagSet [kort-tagset-full]
2015-09-07 16:32:12,118 [sussi]  Added tag [kort_1b] with ID [22616] to TagSet [kort-tagset-full]
2015-09-07 16:32:41,249 [sussi]  Added tag [kort_1c] with ID [22617] to TagSet [kort-tagset-full]
2015-09-07 16:33:15,524 [sussi]  Added tag [kort_1d] with ID [22618] to TagSet [kort-tagset-full]
2015-09-07 16:34:15,884 [sussi]  Added tag [kort_1e] with ID [22619] to TagSet [kort-tagset-full]
2015-09-07 16:34:57,986 [sussi]  Added tag [kort_2] with ID [22620] to TagSet [kort-tagset-full]
2015-09-07 16:35:31,398 [sussi]  Added tag [kort_2a] with ID [22621] to TagSet [kort-tagset-full]
2015-09-07 16:35:58,056 [sussi]  Added tag [kort_3] with ID [22622] to TagSet [kort-tagset-full]
2015-09-07 16:36:26,194 [sussi]  Added tag [kort_4] with ID [22623] to TagSet [kort-tagset-full]
2015-09-07 16:37:32,203 [sussi]  Added layer [webanno.custom.Lexical] with ID [854]
2015-09-07 16:39:18,350 [sussi]  Added tag [kort_F_blande kortene] with ID [22624] to TagSet [kort-tagset-full]
2015-09-07 16:39:27,594 [sussi]  Added tag [kort_F_gult kort] with ID [22625] to TagSet [kort-tagset-full]
2015-09-07 16:39:40,395 [sussi]  Added tag [kort_F_gult kort_overført] with ID [22626] to TagSet [kort-tagset-full]
2015-09-07 16:39:55,145 [sussi]  Added tag [kort_F_have gode kort på hånden] with ID [22627] to TagSet [kort-tagset-full]
2015-09-07 16:40:11,824 [sussi]  Added tag [kort_F_holde kortene tæt ind til kroppen] with ID [22628] to TagSet [kort-tagset-full]
2015-09-07 16:40:25,602 [sussi]  Added tag [kort_F_kigge nogen i kortene] with ID [22629] to TagSet [kort-tagset-full]
2015-09-07 16:40:38,299 [sussi]  Added tag [kort_F_ligge i kortene] with ID [22630] to TagSet [kort-tagset-full]
2015-09-07 16:40:49,582 [sussi]  Added tag [kort_F_lægge kortene på bordet] with ID [22631] to TagSet [kort-tagset-full]
2015-09-07 16:41:01,802 [sussi]  Added tag [kort_F_røde kort] with ID [22632] to TagSet [kort-tagset-full]
2015-09-07 16:41:14,717 [sussi]  Added tag [kort_F_røde kort overført] with ID [22633] to TagSet [kort-tagset-full]
2015-09-07 16:41:30,642 [sussi]  Added tag [kort_F_spille med skjulte/fordækte kort] with ID [22634] to TagSet [kort-tagset-full]
2015-09-07 16:41:45,132 [sussi]  Added tag [kort_F_spille med åbne kort] with ID [22635] to TagSet [kort-tagset-full]
2015-09-07 16:41:55,197 [sussi]  Added tag [kort_F_spille sine kort godt/dårligt] with ID [22636] to TagSet [kort-tagset-full]
2015-09-07 16:42:08,360 [sussi]  Added tag [kort_F_sætte alt på et kort] with ID [22637] to TagSet [kort-tagset-full]
2015-09-07 16:44:06,203 [anna]  New Permission created on Project[lex-kort-komplet] for user [anna] with permission [USER]]
2015-09-07 16:44:06,211 [bolette]  New Permission created on Project[lex-kort-komplet] for user [bolette] with permission [USER]]
2015-09-07 16:44:06,227 [ida]  New Permission created on Project[lex-kort-komplet] for user [ida] with permission [USER]]
2015-09-07 16:44:06,243 [sanni]  New Permission created on Project[lex-kort-komplet] for user [sanni] with permission [USER]]
2015-09-07 16:44:06,260 [selma]  New Permission created on Project[lex-kort-komplet] for user [selma] with permission [USER]]
2015-09-07 16:44:14,094 [bolette]  Removed Project Permission [USER] for the USer [bolette] From project [130]
2015-09-07 16:44:14,106 [bolette]  New Permission created on Project[lex-kort-komplet] for user [bolette] with permission [CURATOR]]
2015-09-07 16:44:14,122 [bolette]  New Permission created on Project[lex-kort-komplet] for user [bolette] with permission [USER]]
2015-09-07 16:44:24,521 [sanni]  Removed Project Permission [USER] for the USer [sanni] From project [130]
2015-09-07 16:44:24,535 [sanni]  New Permission created on Project[lex-kort-komplet] for user [sanni] with permission [CURATOR]]
2015-09-07 16:44:24,550 [sanni]  New Permission created on Project[lex-kort-komplet] for user [sanni] with permission [USER]]
2015-09-07 16:44:31,296 [anna]  Removed Project Permission [USER] for the USer [anna] From project [130]
2015-09-07 16:44:31,310 [anna]  New Permission created on Project[lex-kort-komplet] for user [anna] with permission [CURATOR]]
2015-09-07 16:44:31,326 [anna]  New Permission created on Project[lex-kort-komplet] for user [anna] with permission [USER]]
2015-09-07 20:51:44,091 [ida]  User [ida] creates annotation document for source document [2148] in project [130] with id [8075]
2015-09-07 20:51:55,544 [ida]  User [ida] creates annotation document for source document [2149] in project [130] with id [8076]
2015-09-08 10:47:29,666 [sussi]  User [sussi] creates annotation document for source document [2148] in project [130] with id [8078]
2015-09-08 10:47:51,846 [sussi]  User [sussi] creates annotation document for source document [2149] in project [130] with id [8080]
2015-09-08 10:49:10,899 [sussi]  User [sussi] creates annotation document for source document [2150] in project [130] with id [8081]
2015-09-08 10:49:23,242 [sussi]  User [sussi] creates annotation document for source document [2151] in project [130] with id [8082]
2015-09-08 10:52:52,552 [nicolai]  User [nicolai] creates annotation document for source document [2148] in project [130] with id [8083]
2015-09-08 10:53:21,421 [nicolai]  User [nicolai] creates annotation document for source document [2149] in project [130] with id [8085]
2015-09-08 10:53:35,514 [nicolai]  Saved preferences file [annotation.properties] for project [lex-kort-komplet] with ID [130] to location: [/srv/webanno/repository/project/130/settings/nicolai]
2015-09-08 11:20:14,891 [nicolai]  Removed Document [kort_folketinget-1.xml] with ID [2148] from Project [130]
2015-09-08 11:20:14,943 [nicolai]  Removed Document [kort_politiken-1.xml] with ID [2149] from Project [130]
2015-09-08 11:20:14,961 [nicolai]  Removed Document [kort_mangamania-1.xml] with ID [2150] from Project [130]
2015-09-08 11:20:14,977 [nicolai]  Removed Document [kort_selvhenter-1.xml] with ID [2151] from Project [130]
2015-09-08 11:20:14,992 [nicolai]  Removed Document [kort_bentesblog-1.xml] with ID [2152] from Project [130]
2015-09-08 11:20:42,995 [nicolai]  Imported file [kort_folketinget-1.xml] with ID [2153] to Project [130]
2015-09-08 11:20:44,341 [nicolai]  Imported file [kort_politiken-1.xml] with ID [2154] to Project [130]
2015-09-08 11:20:44,755 [nicolai]  Imported file [kort_mangamania-1.xml] with ID [2155] to Project [130]
2015-09-08 11:20:44,866 [nicolai]  Imported file [kort_selvhenter-1.xml] with ID [2156] to Project [130]
2015-09-08 11:20:44,986 [nicolai]  Imported file [kort_bentesblog-1.xml] with ID [2157] to Project [130]
2015-09-08 11:21:01,016 [nicolai]  User [nicolai] creates annotation document for source document [2153] in project [130] with id [8086]
2015-09-08 11:21:01,800 [nicolai] Updated annotation document [kort_folketinget-1.xml] with ID [2153] in project ID [130] for user [nicolai]
2015-09-08 11:21:06,073 [nicolai]  Saved preferences file [annotation.properties] for project [lex-kort-komplet] with ID [130] to location: [/srv/webanno/repository/project/130/settings/nicolai]
2015-09-08 11:28:19,473 [sussi]  User [sussi] creates annotation document for source document [2153] in project [130] with id [8087]
2015-09-08 11:28:20,279 [sussi] Updated annotation document [kort_folketinget-1.xml] with ID [2153] in project ID [130] for user [sussi]
2015-09-08 11:54:50,659 [sussi]  Saved preferences file [annotation.properties] for project [lex-kort-komplet] with ID [130] to location: [/srv/webanno/repository/project/130/settings/sussi]
2015-09-08 12:46:05,879 [nicolai]  Imported file [kort_politiken2-1.xml] with ID [2158] to Project [130]
2015-09-08 12:46:06,396 [nicolai]  Imported file [kort_ekstrabladet-1.xml] with ID [2159] to Project [130]
2015-09-08 12:46:06,589 [nicolai]  Imported file [kort_seoghoer-1.xml] with ID [2160] to Project [130]
2015-09-08 12:46:06,849 [nicolai]  Imported file [kort_politiken-2.xml] with ID [2161] to Project [130]
2015-09-08 20:55:34,725 [ida]  User [ida] creates annotation document for source document [2153] in project [130] with id [8088]
2015-09-08 20:55:35,484 [ida] Updated annotation document [kort_folketinget-1.xml] with ID [2153] in project ID [130] for user [ida]
2015-09-08 20:55:47,224 [ida]  Saved preferences file [annotation.properties] for project [lex-kort-komplet] with ID [130] to location: [/srv/webanno/repository/project/130/settings/ida]
2015-09-08 20:56:45,387 [ida] Updated annotation document [kort_folketinget-1.xml] with ID [2153] in project ID [130] for user [ida]
2015-09-08 20:57:27,534 [ida] Updated annotation document [kort_folketinget-1.xml] with ID [2153] in project ID [130] for user [ida]
2015-09-08 20:57:43,050 [ida] Updated annotation document [kort_folketinget-1.xml] with ID [2153] in project ID [130] for user [ida]
2015-09-08 21:08:11,512 [ida] Updated annotation document [kort_folketinget-1.xml] with ID [2153] in project ID [130] for user [ida]
2015-09-08 21:08:21,114 [ida] Updated annotation document [kort_folketinget-1.xml] with ID [2153] in project ID [130] for user [ida]
2015-09-08 21:08:26,620 [ida]  Saved preferences file [annotation.properties] for project [lex-kort-komplet] with ID [130] to location: [/srv/webanno/repository/project/130/settings/ida]
2015-09-08 21:08:56,300 [ida] Updated annotation document [kort_folketinget-1.xml] with ID [2153] in project ID [130] for user [ida]
2015-09-08 21:09:03,819 [ida] Updated annotation document [kort_folketinget-1.xml] with ID [2153] in project ID [130] for user [ida]
2015-09-08 21:09:38,567 [ida] Updated annotation document [kort_folketinget-1.xml] with ID [2153] in project ID [130] for user [ida]
2015-09-08 21:10:02,844 [ida] Updated annotation document [kort_folketinget-1.xml] with ID [2153] in project ID [130] for user [ida]
2015-09-08 21:10:14,759 [ida] Updated annotation document [kort_folketinget-1.xml] with ID [2153] in project ID [130] for user [ida]
2015-09-08 21:10:14,760 [ida] Removed surplus history file [ida.ser.1441738535000.bak] for document with ID [2153] in project ID [130]
2015-09-08 21:10:26,418 [ida] Updated annotation document [kort_folketinget-1.xml] with ID [2153] in project ID [130] for user [ida]
2015-09-08 21:10:26,420 [ida] Removed surplus history file [ida.ser.1441738605000.bak] for document with ID [2153] in project ID [130]
2015-09-08 21:10:49,471 [ida] Updated annotation document [kort_folketinget-1.xml] with ID [2153] in project ID [130] for user [ida]
2015-09-08 21:10:49,472 [ida] Removed surplus history file [ida.ser.1441738647000.bak] for document with ID [2153] in project ID [130]
2015-09-08 21:17:09,492 [ida] Updated annotation document [kort_folketinget-1.xml] with ID [2153] in project ID [130] for user [ida]
2015-09-08 21:17:09,493 [ida] Removed surplus history file [ida.ser.1441738663000.bak] for document with ID [2153] in project ID [130]
2015-09-08 21:17:57,127 [ida] Updated annotation document [kort_folketinget-1.xml] with ID [2153] in project ID [130] for user [ida]
2015-09-08 21:17:57,128 [ida] Removed surplus history file [ida.ser.1441739291000.bak] for document with ID [2153] in project ID [130]
2015-09-08 21:18:18,747 [ida] Updated annotation document [kort_folketinget-1.xml] with ID [2153] in project ID [130] for user [ida]
2015-09-08 21:18:18,749 [ida] Removed surplus history file [ida.ser.1441739301000.bak] for document with ID [2153] in project ID [130]
2015-09-08 21:18:38,001 [ida] Updated annotation document [kort_folketinget-1.xml] with ID [2153] in project ID [130] for user [ida]
2015-09-08 21:18:38,003 [ida] Removed surplus history file [ida.ser.1441739336000.bak] for document with ID [2153] in project ID [130]
2015-09-08 21:19:09,975 [ida] Updated annotation document [kort_folketinget-1.xml] with ID [2153] in project ID [130] for user [ida]
2015-09-08 21:19:09,976 [ida] Removed surplus history file [ida.ser.1441739343000.bak] for document with ID [2153] in project ID [130]
2015-09-08 21:21:41,551 [ida] Updated annotation document [kort_folketinget-1.xml] with ID [2153] in project ID [130] for user [ida]
2015-09-08 21:21:41,553 [ida] Removed surplus history file [ida.ser.1441739378000.bak] for document with ID [2153] in project ID [130]
2015-09-08 21:22:00,311 [ida] Updated annotation document [kort_folketinget-1.xml] with ID [2153] in project ID [130] for user [ida]
2015-09-08 21:22:00,313 [ida] Removed surplus history file [ida.ser.1441739402000.bak] for document with ID [2153] in project ID [130]
2015-09-08 21:22:42,671 [ida] Updated annotation document [kort_folketinget-1.xml] with ID [2153] in project ID [130] for user [ida]
2015-09-08 21:22:42,672 [ida] Removed surplus history file [ida.ser.1441739414000.bak] for document with ID [2153] in project ID [130]
2015-09-08 21:25:33,619 [ida] Updated annotation document [kort_folketinget-1.xml] with ID [2153] in project ID [130] for user [ida]
2015-09-08 21:25:33,621 [ida] Removed surplus history file [ida.ser.1441739426000.bak] for document with ID [2153] in project ID [130]
2015-09-08 21:25:48,239 [ida] Updated annotation document [kort_folketinget-1.xml] with ID [2153] in project ID [130] for user [ida]
2015-09-08 21:25:48,241 [ida] Removed surplus history file [ida.ser.1441739449000.bak] for document with ID [2153] in project ID [130]
2015-09-08 21:25:55,727 [ida] Updated annotation document [kort_folketinget-1.xml] with ID [2153] in project ID [130] for user [ida]
2015-09-08 21:25:55,728 [ida] Removed surplus history file [ida.ser.1441739829000.bak] for document with ID [2153] in project ID [130]
2015-09-08 21:26:04,939 [ida] Updated annotation document [kort_folketinget-1.xml] with ID [2153] in project ID [130] for user [ida]
2015-09-08 21:26:04,940 [ida] Removed surplus history file [ida.ser.1441739877000.bak] for document with ID [2153] in project ID [130]
2015-09-08 21:27:26,963 [ida] Updated annotation document [kort_folketinget-1.xml] with ID [2153] in project ID [130] for user [ida]
2015-09-08 21:27:26,964 [ida] Removed surplus history file [ida.ser.1441739898000.bak] for document with ID [2153] in project ID [130]
2015-09-08 21:27:57,507 [ida] Updated annotation document [kort_folketinget-1.xml] with ID [2153] in project ID [130] for user [ida]
2015-09-08 21:27:57,508 [ida] Removed surplus history file [ida.ser.1441739917000.bak] for document with ID [2153] in project ID [130]
2015-09-08 21:28:10,100 [ida] Updated annotation document [kort_folketinget-1.xml] with ID [2153] in project ID [130] for user [ida]
2015-09-08 21:28:10,101 [ida] Removed surplus history file [ida.ser.1441739949000.bak] for document with ID [2153] in project ID [130]
2015-09-08 21:28:41,183 [ida] Updated annotation document [kort_folketinget-1.xml] with ID [2153] in project ID [130] for user [ida]
2015-09-08 21:28:41,184 [ida] Removed surplus history file [ida.ser.1441740101000.bak] for document with ID [2153] in project ID [130]
2015-09-08 21:29:24,159 [ida] Updated annotation document [kort_folketinget-1.xml] with ID [2153] in project ID [130] for user [ida]
2015-09-08 21:29:24,160 [ida] Removed surplus history file [ida.ser.1441740120000.bak] for document with ID [2153] in project ID [130]
2015-09-08 21:29:32,075 [ida] Updated annotation document [kort_folketinget-1.xml] with ID [2153] in project ID [130] for user [ida]
2015-09-08 21:29:32,076 [ida] Removed surplus history file [ida.ser.1441740162000.bak] for document with ID [2153] in project ID [130]
2015-09-08 21:29:44,166 [ida] Updated annotation document [kort_folketinget-1.xml] with ID [2153] in project ID [130] for user [ida]
2015-09-08 21:29:44,168 [ida] Removed surplus history file [ida.ser.1441740333000.bak] for document with ID [2153] in project ID [130]
2015-09-08 21:30:24,635 [ida] Updated annotation document [kort_folketinget-1.xml] with ID [2153] in project ID [130] for user [ida]
2015-09-08 21:30:24,636 [ida] Removed surplus history file [ida.ser.1441740348000.bak] for document with ID [2153] in project ID [130]
2015-09-08 21:30:42,443 [ida] Updated annotation document [kort_folketinget-1.xml] with ID [2153] in project ID [130] for user [ida]
2015-09-08 21:30:42,444 [ida] Removed surplus history file [ida.ser.1441740355000.bak] for document with ID [2153] in project ID [130]
2015-09-08 21:31:05,955 [ida] Updated annotation document [kort_folketinget-1.xml] with ID [2153] in project ID [130] for user [ida]
2015-09-08 21:31:05,956 [ida] Removed surplus history file [ida.ser.1441740364000.bak] for document with ID [2153] in project ID [130]
2015-09-08 21:34:22,464 [ida] Updated annotation document [kort_folketinget-1.xml] with ID [2153] in project ID [130] for user [ida]
2015-09-08 21:34:22,466 [ida] Removed surplus history file [ida.ser.1441740446000.bak] for document with ID [2153] in project ID [130]
2015-09-08 21:34:33,287 [ida] Updated annotation document [kort_folketinget-1.xml] with ID [2153] in project ID [130] for user [ida]
2015-09-08 21:34:33,288 [ida] Removed surplus history file [ida.ser.1441740477000.bak] for document with ID [2153] in project ID [130]
2015-09-08 21:34:44,823 [ida] Updated annotation document [kort_folketinget-1.xml] with ID [2153] in project ID [130] for user [ida]
2015-09-08 21:34:44,824 [ida] Removed surplus history file [ida.ser.1441740490000.bak] for document with ID [2153] in project ID [130]
2015-09-08 21:35:43,736 [ida] Updated annotation document [kort_folketinget-1.xml] with ID [2153] in project ID [130] for user [ida]
2015-09-08 21:35:43,737 [ida] Removed surplus history file [ida.ser.1441740521000.bak] for document with ID [2153] in project ID [130]
2015-09-08 21:36:28,371 [ida] Updated annotation document [kort_folketinget-1.xml] with ID [2153] in project ID [130] for user [ida]
2015-09-08 21:36:28,373 [ida] Removed surplus history file [ida.ser.1441740564000.bak] for document with ID [2153] in project ID [130]
2015-09-08 21:36:34,926 [ida]  User [ida] creates annotation document for source document [2154] in project [130] with id [8089]
2015-09-08 21:36:36,181 [ida] Updated annotation document [kort_politiken-1.xml] with ID [2154] in project ID [130] for user [ida]
2015-09-08 21:36:41,739 [ida]  Saved preferences file [annotation.properties] for project [lex-kort-komplet] with ID [130] to location: [/srv/webanno/repository/project/130/settings/ida]
2015-09-08 21:36:53,113 [ida] Updated annotation document [kort_politiken-1.xml] with ID [2154] in project ID [130] for user [ida]
2015-09-08 21:39:59,165 [ida] Updated annotation document [kort_politiken-1.xml] with ID [2154] in project ID [130] for user [ida]
2015-09-08 21:40:17,164 [ida] Updated annotation document [kort_politiken-1.xml] with ID [2154] in project ID [130] for user [ida]
2015-09-08 21:40:56,397 [ida] Updated annotation document [kort_politiken-1.xml] with ID [2154] in project ID [130] for user [ida]
2015-09-08 21:41:03,520 [ida] Updated annotation document [kort_politiken-1.xml] with ID [2154] in project ID [130] for user [ida]
2015-09-08 21:41:14,184 [ida] Updated annotation document [kort_politiken-1.xml] with ID [2154] in project ID [130] for user [ida]
2015-09-08 21:41:22,155 [ida] Updated annotation document [kort_politiken-1.xml] with ID [2154] in project ID [130] for user [ida]
2015-09-08 21:41:28,764 [ida] Updated annotation document [kort_politiken-1.xml] with ID [2154] in project ID [130] for user [ida]
2015-09-08 21:41:40,381 [ida] Updated annotation document [kort_politiken-1.xml] with ID [2154] in project ID [130] for user [ida]
2015-09-08 21:41:48,856 [ida] Updated annotation document [kort_politiken-1.xml] with ID [2154] in project ID [130] for user [ida]
2015-09-08 21:41:48,857 [ida] Removed surplus history file [ida.ser.1441740996000.bak] for document with ID [2154] in project ID [130]
2015-09-08 21:42:05,516 [ida] Updated annotation document [kort_politiken-1.xml] with ID [2154] in project ID [130] for user [ida]
2015-09-08 21:42:05,526 [ida] Removed surplus history file [ida.ser.1441741013000.bak] for document with ID [2154] in project ID [130]
2015-09-08 21:42:19,668 [ida] Updated annotation document [kort_politiken-1.xml] with ID [2154] in project ID [130] for user [ida]
2015-09-08 21:42:19,669 [ida] Removed surplus history file [ida.ser.1441741199000.bak] for document with ID [2154] in project ID [130]
2015-09-08 21:42:32,237 [ida] Updated annotation document [kort_politiken-1.xml] with ID [2154] in project ID [130] for user [ida]
2015-09-08 21:42:32,239 [ida] Removed surplus history file [ida.ser.1441741217000.bak] for document with ID [2154] in project ID [130]
2015-09-08 21:42:54,604 [ida] Updated annotation document [kort_politiken-1.xml] with ID [2154] in project ID [130] for user [ida]
2015-09-08 21:42:54,605 [ida] Removed surplus history file [ida.ser.1441741256000.bak] for document with ID [2154] in project ID [130]
2015-09-08 21:43:18,666 [ida] Updated annotation document [kort_politiken-1.xml] with ID [2154] in project ID [130] for user [ida]
2015-09-08 21:43:18,668 [ida] Removed surplus history file [ida.ser.1441741263000.bak] for document with ID [2154] in project ID [130]
2015-09-08 21:43:36,903 [ida] Updated annotation document [kort_politiken-1.xml] with ID [2154] in project ID [130] for user [ida]
2015-09-08 21:43:36,905 [ida] Removed surplus history file [ida.ser.1441741274000.bak] for document with ID [2154] in project ID [130]
2015-09-08 21:43:52,174 [ida] Updated annotation document [kort_politiken-1.xml] with ID [2154] in project ID [130] for user [ida]
2015-09-08 21:43:52,176 [ida] Removed surplus history file [ida.ser.1441741282000.bak] for document with ID [2154] in project ID [130]
2015-09-08 21:44:06,368 [ida] Updated annotation document [kort_politiken-1.xml] with ID [2154] in project ID [130] for user [ida]
2015-09-08 21:44:06,369 [ida] Removed surplus history file [ida.ser.1441741288000.bak] for document with ID [2154] in project ID [130]
2015-09-08 21:44:13,772 [ida] Updated annotation document [kort_politiken-1.xml] with ID [2154] in project ID [130] for user [ida]
2015-09-08 21:44:13,773 [ida] Removed surplus history file [ida.ser.1441741300000.bak] for document with ID [2154] in project ID [130]
2015-09-08 21:44:19,172 [ida] Updated annotation document [kort_politiken-1.xml] with ID [2154] in project ID [130] for user [ida]
2015-09-08 21:44:19,173 [ida] Removed surplus history file [ida.ser.1441741308000.bak] for document with ID [2154] in project ID [130]
2015-09-08 21:44:30,036 [ida] Updated annotation document [kort_politiken-1.xml] with ID [2154] in project ID [130] for user [ida]
2015-09-08 21:44:30,038 [ida] Removed surplus history file [ida.ser.1441741325000.bak] for document with ID [2154] in project ID [130]
2015-09-08 21:44:40,269 [ida] Updated annotation document [kort_politiken-1.xml] with ID [2154] in project ID [130] for user [ida]
2015-09-08 21:44:40,271 [ida] Removed surplus history file [ida.ser.1441741339000.bak] for document with ID [2154] in project ID [130]
2015-09-08 21:44:47,635 [ida] Updated annotation document [kort_politiken-1.xml] with ID [2154] in project ID [130] for user [ida]
2015-09-08 21:44:47,637 [ida] Removed surplus history file [ida.ser.1441741352000.bak] for document with ID [2154] in project ID [130]
2015-09-08 21:44:55,779 [ida] Updated annotation document [kort_politiken-1.xml] with ID [2154] in project ID [130] for user [ida]
2015-09-08 21:44:55,781 [ida] Removed surplus history file [ida.ser.1441741374000.bak] for document with ID [2154] in project ID [130]
2015-09-08 21:45:03,528 [ida] Updated annotation document [kort_politiken-1.xml] with ID [2154] in project ID [130] for user [ida]
2015-09-08 21:45:03,530 [ida] Removed surplus history file [ida.ser.1441741398000.bak] for document with ID [2154] in project ID [130]
2015-09-08 21:45:18,216 [ida] Updated annotation document [kort_politiken-1.xml] with ID [2154] in project ID [130] for user [ida]
2015-09-08 21:45:18,218 [ida] Removed surplus history file [ida.ser.1441741416000.bak] for document with ID [2154] in project ID [130]
2015-09-08 21:45:43,644 [ida] Updated annotation document [kort_politiken-1.xml] with ID [2154] in project ID [130] for user [ida]
2015-09-08 21:45:43,646 [ida] Removed surplus history file [ida.ser.1441741432000.bak] for document with ID [2154] in project ID [130]
2015-09-08 21:46:10,676 [ida] Updated annotation document [kort_politiken-1.xml] with ID [2154] in project ID [130] for user [ida]
2015-09-08 21:46:10,677 [ida] Removed surplus history file [ida.ser.1441741446000.bak] for document with ID [2154] in project ID [130]
2015-09-08 21:46:25,912 [ida] Updated annotation document [kort_politiken-1.xml] with ID [2154] in project ID [130] for user [ida]
2015-09-08 21:46:25,913 [ida] Removed surplus history file [ida.ser.1441741453000.bak] for document with ID [2154] in project ID [130]
2015-09-08 21:46:40,396 [ida] Updated annotation document [kort_politiken-1.xml] with ID [2154] in project ID [130] for user [ida]
2015-09-08 21:46:40,398 [ida] Removed surplus history file [ida.ser.1441741459000.bak] for document with ID [2154] in project ID [130]
2015-09-08 21:46:54,892 [ida] Updated annotation document [kort_politiken-1.xml] with ID [2154] in project ID [130] for user [ida]
2015-09-08 21:46:54,894 [ida] Removed surplus history file [ida.ser.1441741470000.bak] for document with ID [2154] in project ID [130]
2015-09-08 21:47:20,352 [ida] Updated annotation document [kort_politiken-1.xml] with ID [2154] in project ID [130] for user [ida]
2015-09-08 21:47:20,354 [ida] Removed surplus history file [ida.ser.1441741480000.bak] for document with ID [2154] in project ID [130]
2015-09-08 21:47:26,608 [ida] Updated annotation document [kort_politiken-1.xml] with ID [2154] in project ID [130] for user [ida]
2015-09-08 21:47:26,610 [ida] Removed surplus history file [ida.ser.1441741487000.bak] for document with ID [2154] in project ID [130]
2015-09-08 21:47:44,196 [ida] Updated annotation document [kort_politiken-1.xml] with ID [2154] in project ID [130] for user [ida]
2015-09-08 21:47:44,198 [ida] Removed surplus history file [ida.ser.1441741495000.bak] for document with ID [2154] in project ID [130]
2015-09-08 21:48:12,374 [ida] Updated annotation document [kort_politiken-1.xml] with ID [2154] in project ID [130] for user [ida]
2015-09-08 21:48:12,376 [ida] Removed surplus history file [ida.ser.1441741503000.bak] for document with ID [2154] in project ID [130]
2015-09-08 21:49:27,394 [ida] Updated annotation document [kort_politiken-1.xml] with ID [2154] in project ID [130] for user [ida]
2015-09-08 21:49:27,395 [ida] Removed surplus history file [ida.ser.1441741518000.bak] for document with ID [2154] in project ID [130]
2015-09-08 21:49:42,451 [ida] Updated annotation document [kort_politiken-1.xml] with ID [2154] in project ID [130] for user [ida]
2015-09-08 21:49:42,452 [ida] Removed surplus history file [ida.ser.1441741543000.bak] for document with ID [2154] in project ID [130]
2015-09-08 21:50:20,268 [ida] Updated annotation document [kort_politiken-1.xml] with ID [2154] in project ID [130] for user [ida]
2015-09-08 21:50:20,270 [ida] Removed surplus history file [ida.ser.1441741570000.bak] for document with ID [2154] in project ID [130]
2015-09-08 21:50:35,515 [ida] Updated annotation document [kort_politiken-1.xml] with ID [2154] in project ID [130] for user [ida]
2015-09-08 21:50:35,517 [ida] Removed surplus history file [ida.ser.1441741585000.bak] for document with ID [2154] in project ID [130]
2015-09-08 21:50:48,608 [ida] Updated annotation document [kort_politiken-1.xml] with ID [2154] in project ID [130] for user [ida]
2015-09-08 21:50:48,610 [ida] Removed surplus history file [ida.ser.1441741600000.bak] for document with ID [2154] in project ID [130]
2015-09-08 21:50:52,976 [ida] Updated annotation document [kort_politiken-1.xml] with ID [2154] in project ID [130] for user [ida]
2015-09-08 21:50:52,977 [ida] Removed surplus history file [ida.ser.1441741614000.bak] for document with ID [2154] in project ID [130]
2015-09-08 21:50:56,196 [ida] Updated annotation document [kort_politiken-1.xml] with ID [2154] in project ID [130] for user [ida]
2015-09-08 21:50:56,197 [ida] Removed surplus history file [ida.ser.1441741640000.bak] for document with ID [2154] in project ID [130]
2015-09-08 21:51:01,828 [ida] Updated annotation document [kort_politiken-1.xml] with ID [2154] in project ID [130] for user [ida]
2015-09-08 21:51:01,829 [ida] Removed surplus history file [ida.ser.1441741646000.bak] for document with ID [2154] in project ID [130]
2015-09-08 21:51:06,164 [ida] Updated annotation document [kort_politiken-1.xml] with ID [2154] in project ID [130] for user [ida]
2015-09-08 21:51:06,166 [ida] Removed surplus history file [ida.ser.1441741664000.bak] for document with ID [2154] in project ID [130]
2015-09-08 21:51:16,352 [ida] Updated annotation document [kort_politiken-1.xml] with ID [2154] in project ID [130] for user [ida]
2015-09-08 21:51:16,353 [ida] Removed surplus history file [ida.ser.1441741692000.bak] for document with ID [2154] in project ID [130]
2015-09-08 21:51:26,492 [ida] Updated annotation document [kort_politiken-1.xml] with ID [2154] in project ID [130] for user [ida]
2015-09-08 21:51:26,493 [ida] Removed surplus history file [ida.ser.1441741767000.bak] for document with ID [2154] in project ID [130]
2015-09-08 21:51:29,816 [ida] Updated annotation document [kort_politiken-1.xml] with ID [2154] in project ID [130] for user [ida]
2015-09-08 21:51:29,817 [ida] Removed surplus history file [ida.ser.1441741782000.bak] for document with ID [2154] in project ID [130]
2015-09-08 21:51:33,020 [ida] Updated annotation document [kort_politiken-1.xml] with ID [2154] in project ID [130] for user [ida]
2015-09-08 21:51:33,022 [ida] Removed surplus history file [ida.ser.1441741820000.bak] for document with ID [2154] in project ID [130]
2015-09-08 21:51:37,260 [ida] Updated annotation document [kort_politiken-1.xml] with ID [2154] in project ID [130] for user [ida]
2015-09-08 21:51:37,261 [ida] Removed surplus history file [ida.ser.1441741835000.bak] for document with ID [2154] in project ID [130]
2015-09-08 21:51:42,416 [ida] Updated annotation document [kort_politiken-1.xml] with ID [2154] in project ID [130] for user [ida]
2015-09-08 21:51:42,418 [ida] Removed surplus history file [ida.ser.1441741848000.bak] for document with ID [2154] in project ID [130]
2015-09-08 21:53:59,708 [ida] Updated annotation document [kort_politiken-1.xml] with ID [2154] in project ID [130] for user [ida]
2015-09-08 21:53:59,709 [ida] Removed surplus history file [ida.ser.1441741852000.bak] for document with ID [2154] in project ID [130]
2015-09-08 21:54:15,927 [ida] Updated annotation document [kort_politiken-1.xml] with ID [2154] in project ID [130] for user [ida]
2015-09-08 21:54:15,929 [ida] Removed surplus history file [ida.ser.1441741856000.bak] for document with ID [2154] in project ID [130]
2015-09-08 21:54:36,672 [ida] Updated annotation document [kort_politiken-1.xml] with ID [2154] in project ID [130] for user [ida]
2015-09-08 21:54:36,673 [ida] Removed surplus history file [ida.ser.1441741861000.bak] for document with ID [2154] in project ID [130]
2015-09-08 21:55:56,608 [ida] Updated annotation document [kort_politiken-1.xml] with ID [2154] in project ID [130] for user [ida]
2015-09-08 21:55:56,609 [ida] Removed surplus history file [ida.ser.1441741866000.bak] for document with ID [2154] in project ID [130]
2015-09-08 21:56:13,143 [ida] Updated annotation document [kort_politiken-1.xml] with ID [2154] in project ID [130] for user [ida]
2015-09-08 21:56:13,145 [ida] Removed surplus history file [ida.ser.1441741876000.bak] for document with ID [2154] in project ID [130]
2015-09-08 21:56:29,931 [ida] Updated annotation document [kort_politiken-1.xml] with ID [2154] in project ID [130] for user [ida]
2015-09-08 21:56:29,933 [ida] Removed surplus history file [ida.ser.1441741886000.bak] for document with ID [2154] in project ID [130]
2015-09-08 21:56:37,972 [ida] Updated annotation document [kort_politiken-1.xml] with ID [2154] in project ID [130] for user [ida]
2015-09-08 21:56:37,974 [ida] Removed surplus history file [ida.ser.1441741889000.bak] for document with ID [2154] in project ID [130]
2015-09-08 21:57:04,092 [ida] Updated annotation document [kort_politiken-1.xml] with ID [2154] in project ID [130] for user [ida]
2015-09-08 21:57:04,093 [ida] Removed surplus history file [ida.ser.1441741893000.bak] for document with ID [2154] in project ID [130]
2015-09-09 12:10:10,736 [ida] Updated annotation document [kort_folketinget-1.xml] with ID [2153] in project ID [130] for user [ida]
2015-09-09 12:10:10,738 [ida] Removed surplus history file [ida.ser.1441740572000.bak] for document with ID [2153] in project ID [130]
2015-09-09 12:10:10,739 [ida] Removed outdated history file [ida.ser.1441740584000.bak]  for document with ID [2153] in project ID [130]
2015-09-09 12:10:10,739 [ida] Removed outdated history file [ida.ser.1441740624000.bak]  for document with ID [2153] in project ID [130]
2015-09-09 12:10:10,739 [ida] Removed outdated history file [ida.ser.1441740642000.bak]  for document with ID [2153] in project ID [130]
2015-09-09 12:10:10,740 [ida] Removed outdated history file [ida.ser.1441740665000.bak]  for document with ID [2153] in project ID [130]
2015-09-09 12:10:10,740 [ida] Removed outdated history file [ida.ser.1441740862000.bak]  for document with ID [2153] in project ID [130]
2015-09-09 12:10:10,740 [ida] Removed outdated history file [ida.ser.1441740873000.bak]  for document with ID [2153] in project ID [130]
2015-09-09 12:10:10,740 [ida] Removed outdated history file [ida.ser.1441740884000.bak]  for document with ID [2153] in project ID [130]
2015-09-09 12:10:10,741 [ida] Removed outdated history file [ida.ser.1441740943000.bak]  for document with ID [2153] in project ID [130]
2015-09-09 12:10:10,741 [ida] Removed outdated history file [ida.ser.1441740988000.bak]  for document with ID [2153] in project ID [130]
2015-09-09 12:10:19,937 [ida]  Saved preferences file [annotation.properties] for project [lex-kort-komplet] with ID [130] to location: [/srv/webanno/repository/project/130/settings/ida]
2015-09-09 18:13:22,300 [selma]  User [selma] creates annotation document for source document [2156] in project [130] with id [8094]
2015-09-09 18:13:22,417 [selma] Updated annotation document [kort_selvhenter-1.xml] with ID [2156] in project ID [130] for user [selma]
2015-09-09 18:13:34,386 [selma]  Saved preferences file [annotation.properties] for project [lex-kort-komplet] with ID [130] to location: [/srv/webanno/repository/project/130/settings/selma]
2015-09-09 18:13:42,495 [selma] Updated annotation document [kort_selvhenter-1.xml] with ID [2156] in project ID [130] for user [selma]
2015-09-09 18:13:46,231 [selma] Updated annotation document [kort_selvhenter-1.xml] with ID [2156] in project ID [130] for user [selma]
2015-09-09 18:13:51,264 [selma]  User [selma] creates annotation document for source document [2156] in project [130] with id [8094]
2015-09-09 18:25:51,826 [selma]  User [selma] creates annotation document for source document [2157] in project [130] with id [8096]
2015-09-09 18:25:51,937 [selma] Updated annotation document [kort_bentesblog-1.xml] with ID [2157] in project ID [130] for user [selma]
2015-09-09 18:25:55,601 [selma]  Saved preferences file [annotation.properties] for project [lex-kort-komplet] with ID [130] to location: [/srv/webanno/repository/project/130/settings/selma]
2015-09-09 18:26:06,346 [selma] Updated annotation document [kort_bentesblog-1.xml] with ID [2157] in project ID [130] for user [selma]
2015-09-09 18:26:16,139 [selma] Updated annotation document [kort_bentesblog-1.xml] with ID [2157] in project ID [130] for user [selma]
2015-09-09 18:26:25,742 [selma] Updated annotation document [kort_bentesblog-1.xml] with ID [2157] in project ID [130] for user [selma]
2015-09-09 18:26:31,642 [selma] Updated annotation document [kort_bentesblog-1.xml] with ID [2157] in project ID [130] for user [selma]
2015-09-09 18:26:40,699 [selma] Updated annotation document [kort_bentesblog-1.xml] with ID [2157] in project ID [130] for user [selma]
2015-09-09 18:26:47,287 [selma] Updated annotation document [kort_bentesblog-1.xml] with ID [2157] in project ID [130] for user [selma]
2015-09-09 18:26:50,918 [selma]  User [selma] creates annotation document for source document [2157] in project [130] with id [8096]
2015-09-09 20:52:29,105 [ida] Updated annotation document [kort_politiken-1.xml] with ID [2154] in project ID [130] for user [ida]
2015-09-09 20:52:29,107 [ida] Removed surplus history file [ida.ser.1441741897000.bak] for document with ID [2154] in project ID [130]
2015-09-09 20:52:29,107 [ida] Removed outdated history file [ida.ser.1441741902000.bak]  for document with ID [2154] in project ID [130]
2015-09-09 20:52:29,108 [ida] Removed outdated history file [ida.ser.1441742039000.bak]  for document with ID [2154] in project ID [130]
2015-09-09 20:52:29,108 [ida] Removed outdated history file [ida.ser.1441742055000.bak]  for document with ID [2154] in project ID [130]
2015-09-09 20:52:29,108 [ida] Removed outdated history file [ida.ser.1441742076000.bak]  for document with ID [2154] in project ID [130]
2015-09-09 20:52:29,109 [ida] Removed outdated history file [ida.ser.1441742156000.bak]  for document with ID [2154] in project ID [130]
2015-09-09 20:52:29,109 [ida] Removed outdated history file [ida.ser.1441742173000.bak]  for document with ID [2154] in project ID [130]
2015-09-09 20:52:29,109 [ida] Removed outdated history file [ida.ser.1441742189000.bak]  for document with ID [2154] in project ID [130]
2015-09-09 20:52:29,110 [ida] Removed outdated history file [ida.ser.1441742197000.bak]  for document with ID [2154] in project ID [130]
2015-09-09 20:52:29,110 [ida] Removed outdated history file [ida.ser.1441742224000.bak]  for document with ID [2154] in project ID [130]
2015-09-09 20:52:58,526 [ida] Updated annotation document [kort_politiken-1.xml] with ID [2154] in project ID [130] for user [ida]
2015-09-09 20:53:13,807 [ida]  Saved preferences file [annotation.properties] for project [lex-kort-komplet] with ID [130] to location: [/srv/webanno/repository/project/130/settings/ida]
2015-09-09 20:53:36,986 [ida] Updated annotation document [kort_politiken-1.xml] with ID [2154] in project ID [130] for user [ida]
2015-09-09 20:53:50,086 [ida] Updated annotation document [kort_politiken-1.xml] with ID [2154] in project ID [130] for user [ida]
2015-09-09 20:53:56,775 [ida] Updated annotation document [kort_politiken-1.xml] with ID [2154] in project ID [130] for user [ida]
2015-09-09 20:54:18,762 [ida] Updated annotation document [kort_politiken-1.xml] with ID [2154] in project ID [130] for user [ida]
2015-09-09 20:54:29,390 [ida] Updated annotation document [kort_politiken-1.xml] with ID [2154] in project ID [130] for user [ida]
2015-09-09 20:54:41,826 [ida] Updated annotation document [kort_politiken-1.xml] with ID [2154] in project ID [130] for user [ida]
2015-09-09 20:55:01,403 [ida] Updated annotation document [kort_politiken-1.xml] with ID [2154] in project ID [130] for user [ida]
2015-09-09 20:55:29,890 [ida] Updated annotation document [kort_politiken-1.xml] with ID [2154] in project ID [130] for user [ida]
2015-09-09 20:55:45,538 [ida] Updated annotation document [kort_politiken-1.xml] with ID [2154] in project ID [130] for user [ida]
2015-09-09 20:55:45,540 [ida] Removed surplus history file [ida.ser.1441824749000.bak] for document with ID [2154] in project ID [130]
2015-09-09 20:59:05,482 [ida] Updated annotation document [kort_politiken-1.xml] with ID [2154] in project ID [130] for user [ida]
2015-09-09 20:59:05,484 [ida] Removed surplus history file [ida.ser.1441824778000.bak] for document with ID [2154] in project ID [130]
2015-09-09 20:59:25,634 [ida] Updated annotation document [kort_politiken-1.xml] with ID [2154] in project ID [130] for user [ida]
2015-09-09 20:59:25,635 [ida] Removed surplus history file [ida.ser.1441824816000.bak] for document with ID [2154] in project ID [130]
2015-09-09 20:59:34,611 [ida] Updated annotation document [kort_politiken-1.xml] with ID [2154] in project ID [130] for user [ida]
2015-09-09 20:59:34,612 [ida] Removed surplus history file [ida.ser.1441824830000.bak] for document with ID [2154] in project ID [130]
2015-09-09 20:59:49,618 [ida] Updated annotation document [kort_politiken-1.xml] with ID [2154] in project ID [130] for user [ida]
2015-09-09 20:59:49,619 [ida] Removed surplus history file [ida.ser.1441824836000.bak] for document with ID [2154] in project ID [130]
2015-09-09 21:00:01,459 [ida] Updated annotation document [kort_politiken-1.xml] with ID [2154] in project ID [130] for user [ida]
2015-09-09 21:00:01,461 [ida] Removed surplus history file [ida.ser.1441824858000.bak] for document with ID [2154] in project ID [130]
2015-09-09 21:00:10,282 [ida] Updated annotation document [kort_politiken-1.xml] with ID [2154] in project ID [130] for user [ida]
2015-09-09 21:00:10,283 [ida] Removed surplus history file [ida.ser.1441824869000.bak] for document with ID [2154] in project ID [130]
2015-09-09 21:00:24,983 [ida] Updated annotation document [kort_politiken-1.xml] with ID [2154] in project ID [130] for user [ida]
2015-09-09 21:00:24,985 [ida] Removed surplus history file [ida.ser.1441824881000.bak] for document with ID [2154] in project ID [130]
2015-09-09 21:00:38,766 [ida] Updated annotation document [kort_politiken-1.xml] with ID [2154] in project ID [130] for user [ida]
2015-09-09 21:00:38,767 [ida] Removed surplus history file [ida.ser.1441824901000.bak] for document with ID [2154] in project ID [130]
2015-09-09 21:01:18,355 [ida] Updated annotation document [kort_politiken-1.xml] with ID [2154] in project ID [130] for user [ida]
2015-09-09 21:01:18,356 [ida] Removed surplus history file [ida.ser.1441824929000.bak] for document with ID [2154] in project ID [130]
2015-09-09 21:01:53,946 [ida] Updated annotation document [kort_politiken-1.xml] with ID [2154] in project ID [130] for user [ida]
2015-09-09 21:01:53,948 [ida] Removed surplus history file [ida.ser.1441824945000.bak] for document with ID [2154] in project ID [130]
2015-09-09 21:02:13,218 [ida] Updated annotation document [kort_politiken-1.xml] with ID [2154] in project ID [130] for user [ida]
2015-09-09 21:02:13,220 [ida] Removed surplus history file [ida.ser.1441825145000.bak] for document with ID [2154] in project ID [130]
2015-09-09 21:02:55,942 [ida] Updated annotation document [kort_politiken-1.xml] with ID [2154] in project ID [130] for user [ida]
2015-09-09 21:02:55,944 [ida] Removed surplus history file [ida.ser.1441825165000.bak] for document with ID [2154] in project ID [130]
2015-09-09 21:08:13,703 [ida] Updated annotation document [kort_politiken-1.xml] with ID [2154] in project ID [130] for user [ida]
2015-09-09 21:08:13,705 [ida] Removed surplus history file [ida.ser.1441825174000.bak] for document with ID [2154] in project ID [130]
2015-09-09 21:08:32,966 [ida] Updated annotation document [kort_politiken-1.xml] with ID [2154] in project ID [130] for user [ida]
2015-09-09 21:08:32,968 [ida] Removed surplus history file [ida.ser.1441825189000.bak] for document with ID [2154] in project ID [130]
2015-09-09 21:08:51,347 [ida] Updated annotation document [kort_politiken-1.xml] with ID [2154] in project ID [130] for user [ida]
2015-09-09 21:08:51,349 [ida] Removed surplus history file [ida.ser.1441825201000.bak] for document with ID [2154] in project ID [130]
2015-09-09 21:09:01,498 [ida] Updated annotation document [kort_politiken-1.xml] with ID [2154] in project ID [130] for user [ida]
2015-09-09 21:09:01,499 [ida] Removed surplus history file [ida.ser.1441825210000.bak] for document with ID [2154] in project ID [130]
2015-09-09 21:09:15,678 [ida] Updated annotation document [kort_politiken-1.xml] with ID [2154] in project ID [130] for user [ida]
2015-09-09 21:09:15,679 [ida] Removed surplus history file [ida.ser.1441825224000.bak] for document with ID [2154] in project ID [130]
2015-09-09 21:09:24,774 [ida] Updated annotation document [kort_politiken-1.xml] with ID [2154] in project ID [130] for user [ida]
2015-09-09 21:09:24,776 [ida] Removed surplus history file [ida.ser.1441825238000.bak] for document with ID [2154] in project ID [130]
2015-09-09 21:09:33,552 [ida] Updated annotation document [kort_politiken-1.xml] with ID [2154] in project ID [130] for user [ida]
2015-09-09 21:09:33,554 [ida] Removed surplus history file [ida.ser.1441825278000.bak] for document with ID [2154] in project ID [130]
2015-09-09 21:09:46,622 [ida] Updated annotation document [kort_politiken-1.xml] with ID [2154] in project ID [130] for user [ida]
2015-09-09 21:09:46,624 [ida] Removed surplus history file [ida.ser.1441825313000.bak] for document with ID [2154] in project ID [130]
2015-09-09 21:10:06,039 [ida] Updated annotation document [kort_politiken-1.xml] with ID [2154] in project ID [130] for user [ida]
2015-09-09 21:10:06,040 [ida] Removed surplus history file [ida.ser.1441825333000.bak] for document with ID [2154] in project ID [130]
2015-09-09 21:10:16,686 [ida] Updated annotation document [kort_politiken-1.xml] with ID [2154] in project ID [130] for user [ida]
2015-09-09 21:10:16,687 [ida] Removed surplus history file [ida.ser.1441825375000.bak] for document with ID [2154] in project ID [130]
2015-09-09 21:10:33,034 [ida] Updated annotation document [kort_politiken-1.xml] with ID [2154] in project ID [130] for user [ida]
2015-09-09 21:10:33,035 [ida] Removed surplus history file [ida.ser.1441825693000.bak] for document with ID [2154] in project ID [130]
2015-09-09 21:10:40,442 [ida] Updated annotation document [kort_politiken-1.xml] with ID [2154] in project ID [130] for user [ida]
2015-09-09 21:10:40,444 [ida] Removed surplus history file [ida.ser.1441825712000.bak] for document with ID [2154] in project ID [130]
2015-09-09 21:10:49,350 [ida] Updated annotation document [kort_politiken-1.xml] with ID [2154] in project ID [130] for user [ida]
2015-09-09 21:10:49,351 [ida] Removed surplus history file [ida.ser.1441825731000.bak] for document with ID [2154] in project ID [130]
2015-09-09 21:11:00,922 [ida] Updated annotation document [kort_politiken-1.xml] with ID [2154] in project ID [130] for user [ida]
2015-09-09 21:11:00,924 [ida] Removed surplus history file [ida.ser.1441825741000.bak] for document with ID [2154] in project ID [130]
2015-09-09 21:11:19,867 [ida] Updated annotation document [kort_politiken-1.xml] with ID [2154] in project ID [130] for user [ida]
2015-09-09 21:11:19,868 [ida] Removed surplus history file [ida.ser.1441825755000.bak] for document with ID [2154] in project ID [130]
2015-09-09 21:11:34,055 [ida] Updated annotation document [kort_politiken-1.xml] with ID [2154] in project ID [130] for user [ida]
2015-09-09 21:11:34,056 [ida] Removed surplus history file [ida.ser.1441825764000.bak] for document with ID [2154] in project ID [130]
2015-09-09 21:11:47,410 [ida] Updated annotation document [kort_politiken-1.xml] with ID [2154] in project ID [130] for user [ida]
2015-09-09 21:11:47,412 [ida] Removed surplus history file [ida.ser.1441825773000.bak] for document with ID [2154] in project ID [130]
2015-09-09 21:12:13,167 [ida] Updated annotation document [kort_politiken-1.xml] with ID [2154] in project ID [130] for user [ida]
2015-09-09 21:12:13,169 [ida] Removed surplus history file [ida.ser.1441825786000.bak] for document with ID [2154] in project ID [130]
2015-09-09 21:12:20,662 [ida] Updated annotation document [kort_politiken-1.xml] with ID [2154] in project ID [130] for user [ida]
2015-09-09 21:12:20,664 [ida] Removed surplus history file [ida.ser.1441825806000.bak] for document with ID [2154] in project ID [130]
2015-09-09 21:12:23,890 [ida] Updated annotation document [kort_politiken-1.xml] with ID [2154] in project ID [130] for user [ida]
2015-09-09 21:12:23,892 [ida] Removed surplus history file [ida.ser.1441825816000.bak] for document with ID [2154] in project ID [130]
2015-09-09 21:12:34,055 [ida] Updated annotation document [kort_politiken-1.xml] with ID [2154] in project ID [130] for user [ida]
2015-09-09 21:12:34,057 [ida] Removed surplus history file [ida.ser.1441825833000.bak] for document with ID [2154] in project ID [130]
2015-09-09 21:12:41,374 [ida] Updated annotation document [kort_politiken-1.xml] with ID [2154] in project ID [130] for user [ida]
2015-09-09 21:12:41,375 [ida] Removed surplus history file [ida.ser.1441825840000.bak] for document with ID [2154] in project ID [130]
2015-09-09 21:14:10,388 [ida] Updated annotation document [kort_politiken-1.xml] with ID [2154] in project ID [130] for user [ida]
2015-09-09 21:14:10,389 [ida] Removed surplus history file [ida.ser.1441825849000.bak] for document with ID [2154] in project ID [130]
2015-09-09 21:14:37,776 [ida] Updated annotation document [kort_politiken-1.xml] with ID [2154] in project ID [130] for user [ida]
2015-09-09 21:14:37,779 [ida] Removed surplus history file [ida.ser.1441825860000.bak] for document with ID [2154] in project ID [130]
2015-09-09 21:17:28,707 [ida] Updated annotation document [kort_politiken-1.xml] with ID [2154] in project ID [130] for user [ida]
2015-09-09 21:17:28,708 [ida] Removed surplus history file [ida.ser.1441825879000.bak] for document with ID [2154] in project ID [130]
2015-09-09 21:17:38,047 [ida] Updated annotation document [kort_politiken-1.xml] with ID [2154] in project ID [130] for user [ida]
2015-09-09 21:17:38,048 [ida] Removed surplus history file [ida.ser.1441825894000.bak] for document with ID [2154] in project ID [130]
2015-09-09 21:17:51,823 [ida] Updated annotation document [kort_politiken-1.xml] with ID [2154] in project ID [130] for user [ida]
2015-09-09 21:17:51,824 [ida] Removed surplus history file [ida.ser.1441825907000.bak] for document with ID [2154] in project ID [130]
2015-09-09 21:18:01,780 [ida]  Saved preferences file [annotation.properties] for project [lex-kort-komplet] with ID [130] to location: [/srv/webanno/repository/project/130/settings/ida]
2015-09-09 21:20:12,167 [ida] Updated annotation document [kort_politiken-1.xml] with ID [2154] in project ID [130] for user [ida]
2015-09-09 21:20:12,169 [ida] Removed surplus history file [ida.ser.1441825933000.bak] for document with ID [2154] in project ID [130]
2015-09-09 21:20:25,527 [ida] Updated annotation document [kort_politiken-1.xml] with ID [2154] in project ID [130] for user [ida]
2015-09-09 21:20:25,528 [ida] Removed surplus history file [ida.ser.1441825940000.bak] for document with ID [2154] in project ID [130]
2015-09-09 21:20:51,328 [ida] Updated annotation document [kort_politiken-1.xml] with ID [2154] in project ID [130] for user [ida]
2015-09-09 21:20:51,329 [ida] Removed surplus history file [ida.ser.1441825943000.bak] for document with ID [2154] in project ID [130]
2015-09-09 21:21:03,403 [ida] Updated annotation document [kort_politiken-1.xml] with ID [2154] in project ID [130] for user [ida]
2015-09-09 21:21:03,404 [ida] Removed surplus history file [ida.ser.1441825954000.bak] for document with ID [2154] in project ID [130]
2015-09-09 21:21:13,737 [ida]  User [ida] creates annotation document for source document [2154] in project [130] with id [8089]
2015-09-09 21:21:21,463 [ida] Updated annotation document [kort_folketinget-1.xml] with ID [2153] in project ID [130] for user [ida]
2015-09-09 21:21:21,464 [ida] Removed outdated history file [ida.ser.1441793410000.bak]  for document with ID [2153] in project ID [130]
2015-09-09 21:22:22,426 [ida] Updated annotation document [kort_folketinget-1.xml] with ID [2153] in project ID [130] for user [ida]
2015-09-09 21:23:03,290 [ida] Updated annotation document [kort_folketinget-1.xml] with ID [2153] in project ID [130] for user [ida]
2015-09-09 21:25:35,928 [ida]  User [ida] creates annotation document for source document [2153] in project [130] with id [8088]
2015-09-09 21:25:49,903 [ida]  User [ida] creates annotation document for source document [2155] in project [130] with id [8101]
2015-09-09 21:25:50,302 [ida] Updated annotation document [kort_mangamania-1.xml] with ID [2155] in project ID [130] for user [ida]
2015-09-09 21:26:05,412 [ida]  Saved preferences file [annotation.properties] for project [lex-kort-komplet] with ID [130] to location: [/srv/webanno/repository/project/130/settings/ida]
2015-09-09 21:26:20,254 [ida] Updated annotation document [kort_mangamania-1.xml] with ID [2155] in project ID [130] for user [ida]
2015-09-09 21:26:38,774 [ida] Updated annotation document [kort_mangamania-1.xml] with ID [2155] in project ID [130] for user [ida]
2015-09-09 21:26:59,526 [ida] Updated annotation document [kort_mangamania-1.xml] with ID [2155] in project ID [130] for user [ida]
2015-09-09 21:27:02,632 [ida] Updated annotation document [kort_mangamania-1.xml] with ID [2155] in project ID [130] for user [ida]
2015-09-09 21:38:26,908 [ida] Updated annotation document [kort_mangamania-1.xml] with ID [2155] in project ID [130] for user [ida]
2015-09-09 21:38:30,795 [ida] Updated annotation document [kort_mangamania-1.xml] with ID [2155] in project ID [130] for user [ida]
2015-09-09 21:38:35,820 [ida] Updated annotation document [kort_mangamania-1.xml] with ID [2155] in project ID [130] for user [ida]
2015-09-09 21:38:39,611 [ida] Updated annotation document [kort_mangamania-1.xml] with ID [2155] in project ID [130] for user [ida]
2015-09-09 21:39:13,989 [ida] Updated annotation document [kort_mangamania-1.xml] with ID [2155] in project ID [130] for user [ida]
2015-09-09 21:40:49,628 [ida] Updated annotation document [kort_mangamania-1.xml] with ID [2155] in project ID [130] for user [ida]
2015-09-09 21:40:49,631 [ida] Removed surplus history file [ida.ser.1441826750000.bak] for document with ID [2155] in project ID [130]
2015-09-09 21:41:11,715 [ida] Updated annotation document [kort_mangamania-1.xml] with ID [2155] in project ID [130] for user [ida]
2015-09-09 21:41:11,716 [ida] Removed surplus history file [ida.ser.1441826780000.bak] for document with ID [2155] in project ID [130]
2015-09-09 21:41:16,615 [ida] Updated annotation document [kort_mangamania-1.xml] with ID [2155] in project ID [130] for user [ida]
2015-09-09 21:41:16,616 [ida] Removed surplus history file [ida.ser.1441826798000.bak] for document with ID [2155] in project ID [130]
2015-09-09 21:41:46,584 [ida] Updated annotation document [kort_mangamania-1.xml] with ID [2155] in project ID [130] for user [ida]
2015-09-09 21:41:46,585 [ida] Removed surplus history file [ida.ser.1441826819000.bak] for document with ID [2155] in project ID [130]
2015-09-09 21:41:53,795 [ida] Updated annotation document [kort_mangamania-1.xml] with ID [2155] in project ID [130] for user [ida]
2015-09-09 21:41:53,796 [ida] Removed surplus history file [ida.ser.1441826822000.bak] for document with ID [2155] in project ID [130]
2015-09-09 21:41:57,159 [ida] Updated annotation document [kort_mangamania-1.xml] with ID [2155] in project ID [130] for user [ida]
2015-09-09 21:41:57,161 [ida] Removed surplus history file [ida.ser.1441827506000.bak] for document with ID [2155] in project ID [130]
2015-09-09 21:42:08,019 [ida] Updated annotation document [kort_mangamania-1.xml] with ID [2155] in project ID [130] for user [ida]
2015-09-09 21:42:08,020 [ida] Removed surplus history file [ida.ser.1441827510000.bak] for document with ID [2155] in project ID [130]
2015-09-09 21:42:19,219 [ida] Updated annotation document [kort_mangamania-1.xml] with ID [2155] in project ID [130] for user [ida]
2015-09-09 21:42:19,220 [ida] Removed surplus history file [ida.ser.1441827515000.bak] for document with ID [2155] in project ID [130]
2015-09-09 21:42:29,331 [ida] Updated annotation document [kort_mangamania-1.xml] with ID [2155] in project ID [130] for user [ida]
2015-09-09 21:42:29,332 [ida] Removed surplus history file [ida.ser.1441827519000.bak] for document with ID [2155] in project ID [130]
2015-09-09 21:42:35,457 [ida] Updated annotation document [kort_mangamania-1.xml] with ID [2155] in project ID [130] for user [ida]
2015-09-09 21:42:35,459 [ida] Removed surplus history file [ida.ser.1441827553000.bak] for document with ID [2155] in project ID [130]
2015-09-09 21:42:41,668 [ida] Updated annotation document [kort_mangamania-1.xml] with ID [2155] in project ID [130] for user [ida]
2015-09-09 21:42:41,669 [ida] Removed surplus history file [ida.ser.1441827649000.bak] for document with ID [2155] in project ID [130]
2015-09-09 21:42:46,947 [ida] Updated annotation document [kort_mangamania-1.xml] with ID [2155] in project ID [130] for user [ida]
2015-09-09 21:42:46,948 [ida] Removed surplus history file [ida.ser.1441827671000.bak] for document with ID [2155] in project ID [130]
2015-09-09 21:42:51,055 [ida] Updated annotation document [kort_mangamania-1.xml] with ID [2155] in project ID [130] for user [ida]
2015-09-09 21:42:51,057 [ida] Removed surplus history file [ida.ser.1441827676000.bak] for document with ID [2155] in project ID [130]
2015-09-09 21:42:55,095 [ida] Updated annotation document [kort_mangamania-1.xml] with ID [2155] in project ID [130] for user [ida]
2015-09-09 21:42:55,096 [ida] Removed surplus history file [ida.ser.1441827706000.bak] for document with ID [2155] in project ID [130]
2015-09-09 21:42:58,043 [ida] Updated annotation document [kort_mangamania-1.xml] with ID [2155] in project ID [130] for user [ida]
2015-09-09 21:42:58,044 [ida] Removed surplus history file [ida.ser.1441827713000.bak] for document with ID [2155] in project ID [130]
2015-09-09 21:43:02,139 [ida] Updated annotation document [kort_mangamania-1.xml] with ID [2155] in project ID [130] for user [ida]
2015-09-09 21:43:02,140 [ida] Removed surplus history file [ida.ser.1441827717000.bak] for document with ID [2155] in project ID [130]
2015-09-09 21:43:11,107 [ida] Updated annotation document [kort_mangamania-1.xml] with ID [2155] in project ID [130] for user [ida]
2015-09-09 21:43:11,108 [ida] Removed surplus history file [ida.ser.1441827728000.bak] for document with ID [2155] in project ID [130]
2015-09-09 21:43:18,647 [ida] Updated annotation document [kort_mangamania-1.xml] with ID [2155] in project ID [130] for user [ida]
2015-09-09 21:43:18,648 [ida] Removed surplus history file [ida.ser.1441827739000.bak] for document with ID [2155] in project ID [130]
2015-09-09 21:43:25,095 [ida] Updated annotation document [kort_mangamania-1.xml] with ID [2155] in project ID [130] for user [ida]
2015-09-09 21:43:25,096 [ida] Removed surplus history file [ida.ser.1441827749000.bak] for document with ID [2155] in project ID [130]
2015-09-09 21:43:53,015 [ida] Updated annotation document [kort_mangamania-1.xml] with ID [2155] in project ID [130] for user [ida]
2015-09-09 21:43:53,017 [ida] Removed surplus history file [ida.ser.1441827755000.bak] for document with ID [2155] in project ID [130]
2015-09-09 21:44:37,743 [ida] Updated annotation document [kort_mangamania-1.xml] with ID [2155] in project ID [130] for user [ida]
2015-09-09 21:44:37,745 [ida] Removed surplus history file [ida.ser.1441827761000.bak] for document with ID [2155] in project ID [130]
2015-09-09 21:44:45,423 [ida] Updated annotation document [kort_mangamania-1.xml] with ID [2155] in project ID [130] for user [ida]
2015-09-09 21:44:45,424 [ida] Removed surplus history file [ida.ser.1441827766000.bak] for document with ID [2155] in project ID [130]
2015-09-09 21:44:50,395 [ida] Updated annotation document [kort_mangamania-1.xml] with ID [2155] in project ID [130] for user [ida]
2015-09-09 21:44:50,396 [ida] Removed surplus history file [ida.ser.1441827771000.bak] for document with ID [2155] in project ID [130]
2015-09-09 21:44:53,859 [ida] Updated annotation document [kort_mangamania-1.xml] with ID [2155] in project ID [130] for user [ida]
2015-09-09 21:44:53,861 [ida] Removed surplus history file [ida.ser.1441827775000.bak] for document with ID [2155] in project ID [130]
2015-09-09 21:45:01,635 [ida] Updated annotation document [kort_mangamania-1.xml] with ID [2155] in project ID [130] for user [ida]
2015-09-09 21:45:01,636 [ida] Removed surplus history file [ida.ser.1441827778000.bak] for document with ID [2155] in project ID [130]
2015-09-09 21:45:06,311 [ida] Updated annotation document [kort_mangamania-1.xml] with ID [2155] in project ID [130] for user [ida]
2015-09-09 21:45:06,312 [ida] Removed surplus history file [ida.ser.1441827782000.bak] for document with ID [2155] in project ID [130]
2015-09-09 21:45:18,947 [ida] Updated annotation document [kort_mangamania-1.xml] with ID [2155] in project ID [130] for user [ida]
2015-09-09 21:45:18,948 [ida] Removed surplus history file [ida.ser.1441827791000.bak] for document with ID [2155] in project ID [130]
2015-09-09 21:45:51,773 [ida] Updated annotation document [kort_mangamania-1.xml] with ID [2155] in project ID [130] for user [ida]
2015-09-09 21:45:51,774 [ida] Removed surplus history file [ida.ser.1441827798000.bak] for document with ID [2155] in project ID [130]
2015-09-09 21:45:59,067 [ida] Updated annotation document [kort_mangamania-1.xml] with ID [2155] in project ID [130] for user [ida]
2015-09-09 21:45:59,069 [ida] Removed surplus history file [ida.ser.1441827805000.bak] for document with ID [2155] in project ID [130]
2015-09-09 21:46:20,523 [ida] Updated annotation document [kort_mangamania-1.xml] with ID [2155] in project ID [130] for user [ida]
2015-09-09 21:46:20,524 [ida] Removed surplus history file [ida.ser.1441827833000.bak] for document with ID [2155] in project ID [130]
2015-09-09 21:46:42,879 [ida] Updated annotation document [kort_mangamania-1.xml] with ID [2155] in project ID [130] for user [ida]
2015-09-09 21:46:42,881 [ida] Removed surplus history file [ida.ser.1441827877000.bak] for document with ID [2155] in project ID [130]
2015-09-09 21:46:47,803 [ida] Updated annotation document [kort_mangamania-1.xml] with ID [2155] in project ID [130] for user [ida]
2015-09-09 21:46:47,804 [ida] Removed surplus history file [ida.ser.1441827885000.bak] for document with ID [2155] in project ID [130]
2015-09-09 21:46:52,319 [ida] Updated annotation document [kort_mangamania-1.xml] with ID [2155] in project ID [130] for user [ida]
2015-09-09 21:46:52,320 [ida] Removed surplus history file [ida.ser.1441827890000.bak] for document with ID [2155] in project ID [130]
2015-09-09 21:46:56,135 [ida] Updated annotation document [kort_mangamania-1.xml] with ID [2155] in project ID [130] for user [ida]
2015-09-09 21:46:56,136 [ida] Removed surplus history file [ida.ser.1441827893000.bak] for document with ID [2155] in project ID [130]
2015-09-09 21:47:03,895 [ida] Updated annotation document [kort_mangamania-1.xml] with ID [2155] in project ID [130] for user [ida]
2015-09-09 21:47:03,897 [ida] Removed surplus history file [ida.ser.1441827901000.bak] for document with ID [2155] in project ID [130]
2015-09-09 21:47:15,287 [ida] Updated annotation document [kort_mangamania-1.xml] with ID [2155] in project ID [130] for user [ida]
2015-09-09 21:47:15,289 [ida] Removed surplus history file [ida.ser.1441827906000.bak] for document with ID [2155] in project ID [130]
2015-09-09 21:47:22,067 [ida] Updated annotation document [kort_mangamania-1.xml] with ID [2155] in project ID [130] for user [ida]
2015-09-09 21:47:22,069 [ida] Removed surplus history file [ida.ser.1441827918000.bak] for document with ID [2155] in project ID [130]
2015-09-09 21:47:25,903 [ida] Updated annotation document [kort_mangamania-1.xml] with ID [2155] in project ID [130] for user [ida]
2015-09-09 21:47:25,904 [ida] Removed surplus history file [ida.ser.1441827951000.bak] for document with ID [2155] in project ID [130]
2015-09-09 21:47:31,643 [ida] Updated annotation document [kort_mangamania-1.xml] with ID [2155] in project ID [130] for user [ida]
2015-09-09 21:47:31,645 [ida] Removed surplus history file [ida.ser.1441827959000.bak] for document with ID [2155] in project ID [130]
2015-09-09 21:47:39,523 [ida] Updated annotation document [kort_mangamania-1.xml] with ID [2155] in project ID [130] for user [ida]
2015-09-09 21:47:39,525 [ida] Removed surplus history file [ida.ser.1441827980000.bak] for document with ID [2155] in project ID [130]
2015-09-09 21:47:43,623 [ida] Updated annotation document [kort_mangamania-1.xml] with ID [2155] in project ID [130] for user [ida]
2015-09-09 21:47:43,625 [ida] Removed surplus history file [ida.ser.1441828002000.bak] for document with ID [2155] in project ID [130]
2015-09-09 21:47:46,631 [ida] Updated annotation document [kort_mangamania-1.xml] with ID [2155] in project ID [130] for user [ida]
2015-09-09 21:47:46,632 [ida] Removed surplus history file [ida.ser.1441828007000.bak] for document with ID [2155] in project ID [130]
2015-09-09 21:47:50,147 [ida] Updated annotation document [kort_mangamania-1.xml] with ID [2155] in project ID [130] for user [ida]
2015-09-09 21:47:50,148 [ida] Removed surplus history file [ida.ser.1441828012000.bak] for document with ID [2155] in project ID [130]
2015-09-09 21:47:58,615 [ida] Updated annotation document [kort_mangamania-1.xml] with ID [2155] in project ID [130] for user [ida]
2015-09-09 21:47:58,617 [ida] Removed surplus history file [ida.ser.1441828016000.bak] for document with ID [2155] in project ID [130]
2015-09-09 21:48:02,943 [ida] Updated annotation document [kort_mangamania-1.xml] with ID [2155] in project ID [130] for user [ida]
2015-09-09 21:48:02,945 [ida] Removed surplus history file [ida.ser.1441828023000.bak] for document with ID [2155] in project ID [130]
2015-09-09 21:48:10,223 [ida] Updated annotation document [kort_mangamania-1.xml] with ID [2155] in project ID [130] for user [ida]
2015-09-09 21:48:10,225 [ida] Removed surplus history file [ida.ser.1441828035000.bak] for document with ID [2155] in project ID [130]
2015-09-09 21:48:22,015 [ida] Updated annotation document [kort_mangamania-1.xml] with ID [2155] in project ID [130] for user [ida]
2015-09-09 21:48:22,016 [ida] Removed surplus history file [ida.ser.1441828042000.bak] for document with ID [2155] in project ID [130]
2015-09-09 21:48:37,095 [ida] Updated annotation document [kort_mangamania-1.xml] with ID [2155] in project ID [130] for user [ida]
2015-09-09 21:48:37,097 [ida] Removed surplus history file [ida.ser.1441828045000.bak] for document with ID [2155] in project ID [130]
2015-09-09 21:48:50,863 [ida] Updated annotation document [kort_mangamania-1.xml] with ID [2155] in project ID [130] for user [ida]
2015-09-09 21:48:50,864 [ida] Removed surplus history file [ida.ser.1441828051000.bak] for document with ID [2155] in project ID [130]
2015-09-09 21:48:54,687 [ida] Updated annotation document [kort_mangamania-1.xml] with ID [2155] in project ID [130] for user [ida]
2015-09-09 21:48:54,688 [ida] Removed surplus history file [ida.ser.1441828059000.bak] for document with ID [2155] in project ID [130]
2015-09-09 21:49:02,519 [ida] Updated annotation document [kort_mangamania-1.xml] with ID [2155] in project ID [130] for user [ida]
2015-09-09 21:49:02,520 [ida] Removed surplus history file [ida.ser.1441828063000.bak] for document with ID [2155] in project ID [130]
2015-09-09 21:49:13,835 [ida] Updated annotation document [kort_mangamania-1.xml] with ID [2155] in project ID [130] for user [ida]
2015-09-09 21:49:13,836 [ida] Removed surplus history file [ida.ser.1441828066000.bak] for document with ID [2155] in project ID [130]
2015-09-09 21:49:25,459 [ida] Updated annotation document [kort_mangamania-1.xml] with ID [2155] in project ID [130] for user [ida]
2015-09-09 21:49:25,460 [ida] Removed surplus history file [ida.ser.1441828070000.bak] for document with ID [2155] in project ID [130]
2015-09-09 21:49:29,367 [ida] Updated annotation document [kort_mangamania-1.xml] with ID [2155] in project ID [130] for user [ida]
2015-09-09 21:49:29,368 [ida] Removed surplus history file [ida.ser.1441828078000.bak] for document with ID [2155] in project ID [130]
2015-09-09 21:49:33,467 [ida] Updated annotation document [kort_mangamania-1.xml] with ID [2155] in project ID [130] for user [ida]
2015-09-09 21:49:33,468 [ida] Removed surplus history file [ida.ser.1441828082000.bak] for document with ID [2155] in project ID [130]
2015-09-09 21:50:50,359 [ida] Updated annotation document [kort_mangamania-1.xml] with ID [2155] in project ID [130] for user [ida]
2015-09-09 21:50:50,360 [ida] Removed surplus history file [ida.ser.1441828090000.bak] for document with ID [2155] in project ID [130]
2015-09-09 21:51:32,231 [ida] Updated annotation document [kort_mangamania-1.xml] with ID [2155] in project ID [130] for user [ida]
2015-09-09 21:51:32,232 [ida] Removed surplus history file [ida.ser.1441828102000.bak] for document with ID [2155] in project ID [130]
2015-09-09 21:51:36,339 [ida] Updated annotation document [kort_mangamania-1.xml] with ID [2155] in project ID [130] for user [ida]
2015-09-09 21:51:36,340 [ida] Removed surplus history file [ida.ser.1441828117000.bak] for document with ID [2155] in project ID [130]
2015-09-09 21:51:58,595 [ida] Updated annotation document [kort_mangamania-1.xml] with ID [2155] in project ID [130] for user [ida]
2015-09-09 21:51:58,596 [ida] Removed surplus history file [ida.ser.1441828130000.bak] for document with ID [2155] in project ID [130]
2015-09-09 21:52:11,743 [ida] Updated annotation document [kort_mangamania-1.xml] with ID [2155] in project ID [130] for user [ida]
2015-09-09 21:52:11,745 [ida] Removed surplus history file [ida.ser.1441828134000.bak] for document with ID [2155] in project ID [130]
2015-09-09 21:52:21,724 [ida]  Saved preferences file [annotation.properties] for project [lex-kort-komplet] with ID [130] to location: [/srv/webanno/repository/project/130/settings/ida]
2015-09-09 21:53:30,959 [ida] Updated annotation document [kort_mangamania-1.xml] with ID [2155] in project ID [130] for user [ida]
2015-09-09 21:53:30,960 [ida] Removed surplus history file [ida.ser.1441828142000.bak] for document with ID [2155] in project ID [130]
2015-09-09 21:54:04,681 [ida]  User [ida] creates annotation document for source document [2155] in project [130] with id [8101]
2015-09-09 21:54:12,531 [ida]  User [ida] creates annotation document for source document [2156] in project [130] with id [8102]
2015-09-09 21:54:12,652 [ida] Updated annotation document [kort_selvhenter-1.xml] with ID [2156] in project ID [130] for user [ida]
2015-09-09 21:54:19,721 [ida]  Saved preferences file [annotation.properties] for project [lex-kort-komplet] with ID [130] to location: [/srv/webanno/repository/project/130/settings/ida]
2015-09-09 21:54:28,157 [ida] Updated annotation document [kort_selvhenter-1.xml] with ID [2156] in project ID [130] for user [ida]
2015-09-09 21:54:32,809 [ida] Updated annotation document [kort_selvhenter-1.xml] with ID [2156] in project ID [130] for user [ida]
2015-09-09 21:54:41,582 [ida]  User [ida] creates annotation document for source document [2156] in project [130] with id [8102]
2015-09-09 21:54:49,657 [ida]  User [ida] creates annotation document for source document [2157] in project [130] with id [8103]
2015-09-09 21:54:49,795 [ida] Updated annotation document [kort_bentesblog-1.xml] with ID [2157] in project ID [130] for user [ida]
2015-09-09 21:54:56,036 [ida]  Saved preferences file [annotation.properties] for project [lex-kort-komplet] with ID [130] to location: [/srv/webanno/repository/project/130/settings/ida]
2015-09-09 21:55:10,201 [ida] Updated annotation document [kort_bentesblog-1.xml] with ID [2157] in project ID [130] for user [ida]
2015-09-09 21:55:34,145 [ida] Updated annotation document [kort_bentesblog-1.xml] with ID [2157] in project ID [130] for user [ida]
2015-09-09 21:55:44,810 [ida] Updated annotation document [kort_bentesblog-1.xml] with ID [2157] in project ID [130] for user [ida]
2015-09-09 21:55:51,197 [ida] Updated annotation document [kort_bentesblog-1.xml] with ID [2157] in project ID [130] for user [ida]
2015-09-09 21:56:02,181 [ida] Updated annotation document [kort_bentesblog-1.xml] with ID [2157] in project ID [130] for user [ida]
2015-09-09 21:58:01,129 [ida] Updated annotation document [kort_bentesblog-1.xml] with ID [2157] in project ID [130] for user [ida]
2015-09-09 21:58:07,128 [ida]  User [ida] creates annotation document for source document [2157] in project [130] with id [8103]
2015-09-09 21:58:14,936 [ida]  User [ida] creates annotation document for source document [2158] in project [130] with id [8104]
2015-09-09 21:58:17,458 [ida] Updated annotation document [kort_politiken2-1.xml] with ID [2158] in project ID [130] for user [ida]
2015-09-09 21:58:24,054 [ida]  Saved preferences file [annotation.properties] for project [lex-kort-komplet] with ID [130] to location: [/srv/webanno/repository/project/130/settings/ida]
2015-09-09 21:58:41,181 [ida] Updated annotation document [kort_politiken2-1.xml] with ID [2158] in project ID [130] for user [ida]
2015-09-09 21:59:23,650 [ida] Updated annotation document [kort_politiken2-1.xml] with ID [2158] in project ID [130] for user [ida]
2015-09-09 21:59:34,478 [ida] Updated annotation document [kort_politiken2-1.xml] with ID [2158] in project ID [130] for user [ida]
2015-09-09 21:59:44,049 [ida] Updated annotation document [kort_politiken2-1.xml] with ID [2158] in project ID [130] for user [ida]
2015-09-09 22:00:09,714 [ida] Updated annotation document [kort_politiken2-1.xml] with ID [2158] in project ID [130] for user [ida]
2015-09-10 08:53:13,582 [ida] Updated annotation document [kort_politiken2-1.xml] with ID [2158] in project ID [130] for user [ida]
2015-09-10 08:53:13,587 [ida] Removed outdated history file [ida.ser.1441828697000.bak]  for document with ID [2158] in project ID [130]
2015-09-10 08:53:13,587 [ida] Removed outdated history file [ida.ser.1441828721000.bak]  for document with ID [2158] in project ID [130]
2015-09-10 08:53:13,588 [ida] Removed outdated history file [ida.ser.1441828763000.bak]  for document with ID [2158] in project ID [130]
2015-09-10 08:53:13,588 [ida] Removed outdated history file [ida.ser.1441828774000.bak]  for document with ID [2158] in project ID [130]
2015-09-10 08:53:13,588 [ida] Removed outdated history file [ida.ser.1441828784000.bak]  for document with ID [2158] in project ID [130]
2015-09-10 08:53:13,589 [ida] Removed outdated history file [ida.ser.1441828809000.bak]  for document with ID [2158] in project ID [130]
2015-09-10 08:53:28,167 [ida] Updated annotation document [kort_politiken2-1.xml] with ID [2158] in project ID [130] for user [ida]
2015-09-10 08:53:34,181 [ida] Updated annotation document [kort_politiken2-1.xml] with ID [2158] in project ID [130] for user [ida]
2015-09-10 08:53:49,154 [ida] Updated annotation document [kort_politiken2-1.xml] with ID [2158] in project ID [130] for user [ida]
2015-09-10 08:54:19,566 [ida] Updated annotation document [kort_politiken2-1.xml] with ID [2158] in project ID [130] for user [ida]
2015-09-10 08:55:01,726 [ida] Updated annotation document [kort_politiken2-1.xml] with ID [2158] in project ID [130] for user [ida]
2015-09-10 08:55:17,306 [ida] Updated annotation document [kort_politiken2-1.xml] with ID [2158] in project ID [130] for user [ida]
2015-09-10 08:55:47,054 [ida] Updated annotation document [kort_politiken2-1.xml] with ID [2158] in project ID [130] for user [ida]
2015-09-10 08:56:17,046 [ida] Updated annotation document [kort_politiken2-1.xml] with ID [2158] in project ID [130] for user [ida]
2015-09-10 08:56:34,714 [ida] Updated annotation document [kort_politiken2-1.xml] with ID [2158] in project ID [130] for user [ida]
2015-09-10 08:58:33,310 [ida] Updated annotation document [kort_politiken2-1.xml] with ID [2158] in project ID [130] for user [ida]
2015-09-10 08:58:33,312 [ida] Removed surplus history file [ida.ser.1441867993000.bak] for document with ID [2158] in project ID [130]
2015-09-10 08:58:40,227 [ida] Updated annotation document [kort_politiken2-1.xml] with ID [2158] in project ID [130] for user [ida]
2015-09-10 08:58:40,228 [ida] Removed surplus history file [ida.ser.1441868008000.bak] for document with ID [2158] in project ID [130]
2015-09-10 08:58:42,610 [ida] Updated annotation document [kort_politiken2-1.xml] with ID [2158] in project ID [130] for user [ida]
2015-09-10 08:58:42,612 [ida] Removed surplus history file [ida.ser.1441868014000.bak] for document with ID [2158] in project ID [130]
2015-09-10 08:58:53,458 [ida] Updated annotation document [kort_politiken2-1.xml] with ID [2158] in project ID [130] for user [ida]
2015-09-10 08:58:53,459 [ida] Removed surplus history file [ida.ser.1441868029000.bak] for document with ID [2158] in project ID [130]
2015-09-10 08:58:58,952 [ida] Updated annotation document [kort_politiken2-1.xml] with ID [2158] in project ID [130] for user [ida]
2015-09-10 08:58:58,954 [ida] Removed surplus history file [ida.ser.1441868059000.bak] for document with ID [2158] in project ID [130]
2015-09-10 08:59:15,022 [ida] Updated annotation document [kort_politiken2-1.xml] with ID [2158] in project ID [130] for user [ida]
2015-09-10 08:59:15,024 [ida] Removed surplus history file [ida.ser.1441868101000.bak] for document with ID [2158] in project ID [130]
2015-09-10 08:59:18,738 [ida] Updated annotation document [kort_politiken2-1.xml] with ID [2158] in project ID [130] for user [ida]
2015-09-10 08:59:18,740 [ida] Removed surplus history file [ida.ser.1441868117000.bak] for document with ID [2158] in project ID [130]
2015-09-10 08:59:29,263 [ida] Updated annotation document [kort_politiken2-1.xml] with ID [2158] in project ID [130] for user [ida]
2015-09-10 08:59:29,266 [ida] Removed surplus history file [ida.ser.1441868147000.bak] for document with ID [2158] in project ID [130]
2015-09-10 08:59:51,330 [ida] Updated annotation document [kort_politiken2-1.xml] with ID [2158] in project ID [130] for user [ida]
2015-09-10 08:59:51,332 [ida] Removed surplus history file [ida.ser.1441868177000.bak] for document with ID [2158] in project ID [130]
2015-09-10 09:00:07,010 [ida] Updated annotation document [kort_politiken2-1.xml] with ID [2158] in project ID [130] for user [ida]
2015-09-10 09:00:07,011 [ida] Removed surplus history file [ida.ser.1441868194000.bak] for document with ID [2158] in project ID [130]
2015-09-10 10:13:57,065 [sussi]  Exported annotation file [kort_folketinget-1.xml] with ID [2153] for user [sussi] from project [130]
2015-09-10 10:13:57,304 [ida]  Exported annotation file [kort_folketinget-1.xml] with ID [2153] for user [ida] from project [130]
2015-09-10 10:13:57,569 [ida]  Exported annotation file [kort_politiken-1.xml] with ID [2154] for user [ida] from project [130]
2015-09-10 10:13:57,794 [ida]  Exported annotation file [kort_mangamania-1.xml] with ID [2155] for user [ida] from project [130]
2015-09-10 10:13:57,955 [selma]  Exported annotation file [kort_selvhenter-1.xml] with ID [2156] for user [selma] from project [130]
2015-09-10 10:13:58,139 [ida]  Exported annotation file [kort_selvhenter-1.xml] with ID [2156] for user [ida] from project [130]
2015-09-10 10:13:58,304 [selma]  Exported annotation file [kort_bentesblog-1.xml] with ID [2157] for user [selma] from project [130]
2015-09-10 10:13:58,481 [ida]  Exported annotation file [kort_bentesblog-1.xml] with ID [2157] for user [ida] from project [130]
2015-09-10 10:13:58,730 [ida]  Exported annotation file [kort_politiken2-1.xml] with ID [2158] for user [ida] from project [130]
