2015-09-07 13:14:05,742 [nicolai]  Created  Project [lex_kort] with ID [129]
2015-09-07 13:14:05,757 [nicolai]  Added layer [de.tudarmstadt.ukp.dkpro.core.api.segmentation.type.Token] with ID [838]
2015-09-07 13:14:05,759 [nicolai]  Added tagset [STTS] with ID [711]
2015-09-07 13:14:05,762 [nicolai]  Added tag [$(] with ID [22290] to TagSet [STTS]
2015-09-07 13:14:05,763 [nicolai]  Added tag [$,] with ID [22291] to TagSet [STTS]
2015-09-07 13:14:05,763 [nicolai]  Added tag [$.] with ID [22292] to TagSet [STTS]
2015-09-07 13:14:05,765 [nicolai]  Added tag [ADJA] with ID [22293] to TagSet [STTS]
2015-09-07 13:14:05,766 [nicolai]  Added tag [ADJD] with ID [22294] to TagSet [STTS]
2015-09-07 13:14:05,767 [nicolai]  Added tag [ADV] with ID [22295] to TagSet [STTS]
2015-09-07 13:14:05,767 [nicolai]  Added tag [APPO] with ID [22296] to TagSet [STTS]
2015-09-07 13:14:05,769 [nicolai]  Added tag [APPR] with ID [22297] to TagSet [STTS]
2015-09-07 13:14:05,770 [nicolai]  Added tag [APPRART] with ID [22298] to TagSet [STTS]
2015-09-07 13:14:05,771 [nicolai]  Added tag [APZR] with ID [22299] to TagSet [STTS]
2015-09-07 13:14:05,772 [nicolai]  Added tag [ART] with ID [22300] to TagSet [STTS]
2015-09-07 13:14:05,773 [nicolai]  Added tag [CARD] with ID [22301] to TagSet [STTS]
2015-09-07 13:14:05,773 [nicolai]  Added tag [FM] with ID [22302] to TagSet [STTS]
2015-09-07 13:14:05,774 [nicolai]  Added tag [ITJ] with ID [22303] to TagSet [STTS]
2015-09-07 13:14:05,775 [nicolai]  Added tag [KOKOM] with ID [22304] to TagSet [STTS]
2015-09-07 13:14:05,776 [nicolai]  Added tag [KON] with ID [22305] to TagSet [STTS]
2015-09-07 13:14:05,777 [nicolai]  Added tag [KOUI] with ID [22306] to TagSet [STTS]
2015-09-07 13:14:05,777 [nicolai]  Added tag [KOUS] with ID [22307] to TagSet [STTS]
2015-09-07 13:14:05,778 [nicolai]  Added tag [NE] with ID [22308] to TagSet [STTS]
2015-09-07 13:14:05,779 [nicolai]  Added tag [NN] with ID [22309] to TagSet [STTS]
2015-09-07 13:14:05,780 [nicolai]  Added tag [PAV] with ID [22310] to TagSet [STTS]
2015-09-07 13:14:05,781 [nicolai]  Added tag [PDAT] with ID [22311] to TagSet [STTS]
2015-09-07 13:14:05,782 [nicolai]  Added tag [PDS] with ID [22312] to TagSet [STTS]
2015-09-07 13:14:05,782 [nicolai]  Added tag [PIAT] with ID [22313] to TagSet [STTS]
2015-09-07 13:14:05,783 [nicolai]  Added tag [PIDAT] with ID [22314] to TagSet [STTS]
2015-09-07 13:14:05,784 [nicolai]  Added tag [PIS] with ID [22315] to TagSet [STTS]
2015-09-07 13:14:05,785 [nicolai]  Added tag [PPER] with ID [22316] to TagSet [STTS]
2015-09-07 13:14:05,786 [nicolai]  Added tag [PPOSAT] with ID [22317] to TagSet [STTS]
2015-09-07 13:14:05,786 [nicolai]  Added tag [PPOSS] with ID [22318] to TagSet [STTS]
2015-09-07 13:14:05,787 [nicolai]  Added tag [PRELAT] with ID [22319] to TagSet [STTS]
2015-09-07 13:14:05,788 [nicolai]  Added tag [PRELS] with ID [22320] to TagSet [STTS]
2015-09-07 13:14:05,789 [nicolai]  Added tag [PRF] with ID [22321] to TagSet [STTS]
2015-09-07 13:14:05,789 [nicolai]  Added tag [PROAV] with ID [22322] to TagSet [STTS]
2015-09-07 13:14:05,790 [nicolai]  Added tag [PTKA] with ID [22323] to TagSet [STTS]
2015-09-07 13:14:05,791 [nicolai]  Added tag [PTKANT] with ID [22324] to TagSet [STTS]
2015-09-07 13:14:05,792 [nicolai]  Added tag [PTKNEG] with ID [22325] to TagSet [STTS]
2015-09-07 13:14:05,793 [nicolai]  Added tag [PTKVZ] with ID [22326] to TagSet [STTS]
2015-09-07 13:14:05,793 [nicolai]  Added tag [PTKZU] with ID [22327] to TagSet [STTS]
2015-09-07 13:14:05,794 [nicolai]  Added tag [PWAT] with ID [22328] to TagSet [STTS]
2015-09-07 13:14:05,795 [nicolai]  Added tag [PWAV] with ID [22329] to TagSet [STTS]
2015-09-07 13:14:05,796 [nicolai]  Added tag [PWS] with ID [22330] to TagSet [STTS]
2015-09-07 13:14:05,796 [nicolai]  Added tag [TRUNC] with ID [22331] to TagSet [STTS]
2015-09-07 13:14:05,797 [nicolai]  Added tag [VAFIN] with ID [22332] to TagSet [STTS]
2015-09-07 13:14:05,798 [nicolai]  Added tag [VAIMP] with ID [22333] to TagSet [STTS]
2015-09-07 13:14:05,799 [nicolai]  Added tag [VAINF] with ID [22334] to TagSet [STTS]
2015-09-07 13:14:05,799 [nicolai]  Added tag [VAPP] with ID [22335] to TagSet [STTS]
2015-09-07 13:14:05,800 [nicolai]  Added tag [VMFIN] with ID [22336] to TagSet [STTS]
2015-09-07 13:14:05,801 [nicolai]  Added tag [VMINF] with ID [22337] to TagSet [STTS]
2015-09-07 13:14:05,802 [nicolai]  Added tag [VMPP] with ID [22338] to TagSet [STTS]
2015-09-07 13:14:05,802 [nicolai]  Added tag [VVFIN] with ID [22339] to TagSet [STTS]
2015-09-07 13:14:05,803 [nicolai]  Added tag [VVIMP] with ID [22340] to TagSet [STTS]
2015-09-07 13:14:05,804 [nicolai]  Added tag [VVINF] with ID [22341] to TagSet [STTS]
2015-09-07 13:14:05,805 [nicolai]  Added tag [VVIZU] with ID [22342] to TagSet [STTS]
2015-09-07 13:14:05,806 [nicolai]  Added tag [VVPP] with ID [22343] to TagSet [STTS]
2015-09-07 13:14:05,806 [nicolai]  Added tag [XY] with ID [22344] to TagSet [STTS]
2015-09-07 13:14:05,807 [nicolai]  Added tag [--] with ID [22345] to TagSet [STTS]
2015-09-07 13:14:05,810 [nicolai]  Added layer [de.tudarmstadt.ukp.dkpro.core.api.lexmorph.type.pos.POS] with ID [839]
2015-09-07 13:14:05,811 [nicolai]  Added tagset [Tiger] with ID [712]
2015-09-07 13:14:05,812 [nicolai]  Added tag [ADV] with ID [22346] to TagSet [Tiger]
2015-09-07 13:14:05,813 [nicolai]  Added tag [APP] with ID [22347] to TagSet [Tiger]
2015-09-07 13:14:05,814 [nicolai]  Added tag [ATTR] with ID [22348] to TagSet [Tiger]
2015-09-07 13:14:05,815 [nicolai]  Added tag [AUX] with ID [22349] to TagSet [Tiger]
2015-09-07 13:14:05,815 [nicolai]  Added tag [AVZ] with ID [22350] to TagSet [Tiger]
2015-09-07 13:14:05,816 [nicolai]  Added tag [CJ] with ID [22351] to TagSet [Tiger]
2015-09-07 13:14:05,817 [nicolai]  Added tag [DET] with ID [22352] to TagSet [Tiger]
2015-09-07 13:14:05,818 [nicolai]  Added tag [ETH] with ID [22353] to TagSet [Tiger]
2015-09-07 13:14:05,818 [nicolai]  Added tag [EXPL] with ID [22354] to TagSet [Tiger]
2015-09-07 13:14:05,819 [nicolai]  Added tag [GMOD] with ID [22355] to TagSet [Tiger]
2015-09-07 13:14:05,820 [nicolai]  Added tag [GRAD] with ID [22356] to TagSet [Tiger]
2015-09-07 13:14:05,821 [nicolai]  Added tag [KOM] with ID [22357] to TagSet [Tiger]
2015-09-07 13:14:05,822 [nicolai]  Added tag [KON] with ID [22358] to TagSet [Tiger]
2015-09-07 13:14:05,823 [nicolai]  Added tag [KONJ] with ID [22359] to TagSet [Tiger]
2015-09-07 13:14:05,823 [nicolai]  Added tag [NEB] with ID [22360] to TagSet [Tiger]
2015-09-07 13:14:05,824 [nicolai]  Added tag [OBJA] with ID [22361] to TagSet [Tiger]
2015-09-07 13:14:05,825 [nicolai]  Added tag [OBJA2] with ID [22362] to TagSet [Tiger]
2015-09-07 13:14:05,826 [nicolai]  Added tag [OBJA3] with ID [22363] to TagSet [Tiger]
2015-09-07 13:14:05,826 [nicolai]  Added tag [OBJC] with ID [22364] to TagSet [Tiger]
2015-09-07 13:14:05,827 [nicolai]  Added tag [OBJC2] with ID [22365] to TagSet [Tiger]
2015-09-07 13:14:05,828 [nicolai]  Added tag [OBJC3] with ID [22366] to TagSet [Tiger]
2015-09-07 13:14:05,829 [nicolai]  Added tag [OBJD] with ID [22367] to TagSet [Tiger]
2015-09-07 13:14:05,830 [nicolai]  Added tag [OBJD2] with ID [22368] to TagSet [Tiger]
2015-09-07 13:14:05,831 [nicolai]  Added tag [OBJD3] with ID [22369] to TagSet [Tiger]
2015-09-07 13:14:05,832 [nicolai]  Added tag [OBJG] with ID [22370] to TagSet [Tiger]
2015-09-07 13:14:05,833 [nicolai]  Added tag [OBJG2] with ID [22371] to TagSet [Tiger]
2015-09-07 13:14:05,834 [nicolai]  Added tag [OBJG3] with ID [22372] to TagSet [Tiger]
2015-09-07 13:14:05,834 [nicolai]  Added tag [OBJI] with ID [22373] to TagSet [Tiger]
2015-09-07 13:14:05,835 [nicolai]  Added tag [OBJI2] with ID [22374] to TagSet [Tiger]
2015-09-07 13:14:05,836 [nicolai]  Added tag [OBJI3] with ID [22375] to TagSet [Tiger]
2015-09-07 13:14:05,837 [nicolai]  Added tag [OBJP] with ID [22376] to TagSet [Tiger]
2015-09-07 13:14:05,838 [nicolai]  Added tag [OBJP2] with ID [22377] to TagSet [Tiger]
2015-09-07 13:14:05,839 [nicolai]  Added tag [OBJP3] with ID [22378] to TagSet [Tiger]
2015-09-07 13:14:05,840 [nicolai]  Added tag [PAR] with ID [22379] to TagSet [Tiger]
2015-09-07 13:14:05,841 [nicolai]  Added tag [PART] with ID [22380] to TagSet [Tiger]
2015-09-07 13:14:05,841 [nicolai]  Added tag [PN] with ID [22381] to TagSet [Tiger]
2015-09-07 13:14:05,842 [nicolai]  Added tag [PP] with ID [22382] to TagSet [Tiger]
2015-09-07 13:14:05,843 [nicolai]  Added tag [PRED] with ID [22383] to TagSet [Tiger]
2015-09-07 13:14:05,844 [nicolai]  Added tag [-PUNCT-] with ID [22384] to TagSet [Tiger]
2015-09-07 13:14:05,845 [nicolai]  Added tag [REL] with ID [22385] to TagSet [Tiger]
2015-09-07 13:14:05,845 [nicolai]  Added tag [ROOT] with ID [22386] to TagSet [Tiger]
2015-09-07 13:14:05,846 [nicolai]  Added tag [S] with ID [22387] to TagSet [Tiger]
2015-09-07 13:14:05,847 [nicolai]  Added tag [SUBJ] with ID [22388] to TagSet [Tiger]
2015-09-07 13:14:05,848 [nicolai]  Added tag [SUBJ2] with ID [22389] to TagSet [Tiger]
2015-09-07 13:14:05,848 [nicolai]  Added tag [SUBJ3] with ID [22390] to TagSet [Tiger]
2015-09-07 13:14:05,849 [nicolai]  Added tag [SUBJC] with ID [22391] to TagSet [Tiger]
2015-09-07 13:14:05,850 [nicolai]  Added tag [SUBJC2] with ID [22392] to TagSet [Tiger]
2015-09-07 13:14:05,850 [nicolai]  Added tag [SUBJC3] with ID [22393] to TagSet [Tiger]
2015-09-07 13:14:05,851 [nicolai]  Added tag [SUBJI] with ID [22394] to TagSet [Tiger]
2015-09-07 13:14:05,852 [nicolai]  Added tag [SUBJI2] with ID [22395] to TagSet [Tiger]
2015-09-07 13:14:05,853 [nicolai]  Added tag [CP] with ID [22396] to TagSet [Tiger]
2015-09-07 13:14:05,853 [nicolai]  Added tag [PD] with ID [22397] to TagSet [Tiger]
2015-09-07 13:14:05,854 [nicolai]  Added tag [RE] with ID [22398] to TagSet [Tiger]
2015-09-07 13:14:05,855 [nicolai]  Added tag [CD] with ID [22399] to TagSet [Tiger]
2015-09-07 13:14:05,856 [nicolai]  Added tag [DA] with ID [22400] to TagSet [Tiger]
2015-09-07 13:14:05,856 [nicolai]  Added tag [SVP] with ID [22401] to TagSet [Tiger]
2015-09-07 13:14:05,857 [nicolai]  Added tag [OP] with ID [22402] to TagSet [Tiger]
2015-09-07 13:14:05,858 [nicolai]  Added tag [MO] with ID [22403] to TagSet [Tiger]
2015-09-07 13:14:05,859 [nicolai]  Added tag [JU] with ID [22404] to TagSet [Tiger]
2015-09-07 13:14:05,859 [nicolai]  Added tag [CVC] with ID [22405] to TagSet [Tiger]
2015-09-07 13:14:05,860 [nicolai]  Added tag [NG] with ID [22406] to TagSet [Tiger]
2015-09-07 13:14:05,861 [nicolai]  Added tag [SB] with ID [22407] to TagSet [Tiger]
2015-09-07 13:14:05,862 [nicolai]  Added tag [SBP] with ID [22408] to TagSet [Tiger]
2015-09-07 13:14:05,862 [nicolai]  Added tag [AG] with ID [22409] to TagSet [Tiger]
2015-09-07 13:14:05,863 [nicolai]  Added tag [PM] with ID [22410] to TagSet [Tiger]
2015-09-07 13:14:05,864 [nicolai]  Added tag [OCRC] with ID [22411] to TagSet [Tiger]
2015-09-07 13:14:05,864 [nicolai]  Added tag [OG] with ID [22412] to TagSet [Tiger]
2015-09-07 13:14:05,865 [nicolai]  Added tag [SUBJI3] with ID [22413] to TagSet [Tiger]
2015-09-07 13:14:05,866 [nicolai]  Added tag [VOK] with ID [22414] to TagSet [Tiger]
2015-09-07 13:14:05,867 [nicolai]  Added tag [ZEIT] with ID [22415] to TagSet [Tiger]
2015-09-07 13:14:05,867 [nicolai]  Added tag [$] with ID [22416] to TagSet [Tiger]
2015-09-07 13:14:05,868 [nicolai]  Added tag [--] with ID [22417] to TagSet [Tiger]
2015-09-07 13:14:05,869 [nicolai]  Added tag [OC] with ID [22418] to TagSet [Tiger]
2015-09-07 13:14:05,870 [nicolai]  Added tag [OA] with ID [22419] to TagSet [Tiger]
2015-09-07 13:14:05,870 [nicolai]  Added tag [MNR] with ID [22420] to TagSet [Tiger]
2015-09-07 13:14:05,871 [nicolai]  Added tag [NK] with ID [22421] to TagSet [Tiger]
2015-09-07 13:14:05,872 [nicolai]  Added tag [RC] with ID [22422] to TagSet [Tiger]
2015-09-07 13:14:05,873 [nicolai]  Added tag [EP] with ID [22423] to TagSet [Tiger]
2015-09-07 13:14:05,874 [nicolai]  Added tag [CC] with ID [22424] to TagSet [Tiger]
2015-09-07 13:14:05,874 [nicolai]  Added tag [CM] with ID [22425] to TagSet [Tiger]
2015-09-07 13:14:05,875 [nicolai]  Added tag [UC] with ID [22426] to TagSet [Tiger]
2015-09-07 13:14:05,876 [nicolai]  Added tag [AC] with ID [22427] to TagSet [Tiger]
2015-09-07 13:14:05,877 [nicolai]  Added tag [PNC] with ID [22428] to TagSet [Tiger]
2015-09-07 13:14:05,882 [nicolai]  Added layer [de.tudarmstadt.ukp.dkpro.core.api.syntax.type.dependency.Dependency] with ID [840]
2015-09-07 13:14:05,883 [nicolai]  Added tagset [NER_WebAnno] with ID [713]
2015-09-07 13:14:05,884 [nicolai]  Added tag [PER] with ID [22429] to TagSet [NER_WebAnno]
2015-09-07 13:14:05,885 [nicolai]  Added tag [PERderiv] with ID [22430] to TagSet [NER_WebAnno]
2015-09-07 13:14:05,886 [nicolai]  Added tag [PERpart] with ID [22431] to TagSet [NER_WebAnno]
2015-09-07 13:14:05,887 [nicolai]  Added tag [LOC] with ID [22432] to TagSet [NER_WebAnno]
2015-09-07 13:14:05,887 [nicolai]  Added tag [LOCderiv] with ID [22433] to TagSet [NER_WebAnno]
2015-09-07 13:14:05,888 [nicolai]  Added tag [LOCpart] with ID [22434] to TagSet [NER_WebAnno]
2015-09-07 13:14:05,889 [nicolai]  Added tag [ORG] with ID [22435] to TagSet [NER_WebAnno]
2015-09-07 13:14:05,890 [nicolai]  Added tag [ORGderiv] with ID [22436] to TagSet [NER_WebAnno]
2015-09-07 13:14:05,890 [nicolai]  Added tag [ORGpart] with ID [22437] to TagSet [NER_WebAnno]
2015-09-07 13:14:05,891 [nicolai]  Added tag [OTH] with ID [22438] to TagSet [NER_WebAnno]
2015-09-07 13:14:05,892 [nicolai]  Added tag [OTHderiv] with ID [22439] to TagSet [NER_WebAnno]
2015-09-07 13:14:05,893 [nicolai]  Added tag [OTHpart] with ID [22440] to TagSet [NER_WebAnno]
2015-09-07 13:14:05,894 [nicolai]  Added layer [de.tudarmstadt.ukp.dkpro.core.api.ner.type.NamedEntity] with ID [841]
2015-09-07 13:14:05,895 [nicolai]  Added tagset [BART] with ID [714]
2015-09-07 13:14:05,896 [nicolai]  Added tag [nam] with ID [22441] to TagSet [BART]
2015-09-07 13:14:05,898 [nicolai]  Added tagset [TuebaDZ] with ID [715]
2015-09-07 13:14:05,898 [nicolai]  Added tag [anaphoric] with ID [22442] to TagSet [TuebaDZ]
2015-09-07 13:14:05,899 [nicolai]  Added layer [de.tudarmstadt.ukp.dkpro.core.api.coref.type.Coreference] with ID [842]
2015-09-07 13:14:05,902 [nicolai]  Added layer [de.tudarmstadt.ukp.dkpro.core.api.segmentation.type.Lemma] with ID [843]
2015-09-07 13:14:05,903 [nicolai]  Added layer [de.tudarmstadt.ukp.dkpro.core.api.syntax.type.chunk.Chunk] with ID [844]
2015-09-07 13:14:15,143 [sussi]  New Permission created on Project[lex_kort] for user [sussi] with permission [USER]]
2015-09-07 13:14:19,698 [sussi]  Removed Project Permission [USER] for the USer [sussi] From project [129]
2015-09-07 13:14:19,711 [sussi]  New Permission created on Project[lex_kort] for user [sussi] with permission [ADMIN]]
2015-09-07 13:14:19,726 [sussi]  New Permission created on Project[lex_kort] for user [sussi] with permission [CURATOR]]
2015-09-07 13:14:19,742 [sussi]  New Permission created on Project[lex_kort] for user [sussi] with permission [USER]]
2015-09-07 13:17:49,469 [nicolai]  Imported file [kort_folketinget-1.xml] with ID [2143] to Project [129]
2015-09-07 13:17:50,654 [nicolai]  Imported file [kort_politiken-1.xml] with ID [2144] to Project [129]
2015-09-07 13:17:51,037 [nicolai]  Imported file [kort_mangamania-1.xml] with ID [2145] to Project [129]
2015-09-07 13:17:51,136 [nicolai]  Imported file [kort_selvhenter-1.xml] with ID [2146] to Project [129]
2015-09-07 13:17:51,272 [nicolai]  Imported file [kort_bentesblog-1.xml] with ID [2147] to Project [129]
2015-09-07 16:19:29,577 [sussi]  Added tagset [kort-tagset] with ID [721]
2015-09-07 16:20:12,660 [sussi]  Added tag [kort_1_1a_1b_1c_1d] with ID [22596] to TagSet [kort-tagset]
2015-09-07 16:20:40,580 [sussi]  Added tag [Kort_2_2a] with ID [22597] to TagSet [kort-tagset]
2015-09-07 16:21:11,249 [sussi]  Added tag [kort_3] with ID [22598] to TagSet [kort-tagset]
2015-09-07 16:21:45,385 [sussi]  Added tag [kort_4] with ID [22599] to TagSet [kort-tagset]
2015-09-07 16:22:03,508 [sussi]  Added tag [kort_F_blande kortene] with ID [22600] to TagSet [kort-tagset]
2015-09-07 16:22:23,796 [sussi]  Added tag [kort_F_gult kort] with ID [22601] to TagSet [kort-tagset]
2015-09-07 16:22:42,552 [sussi]  Added tag [kort_F_gult kort_overført] with ID [22602] to TagSet [kort-tagset]
2015-09-07 16:22:54,539 [sussi]  Added tag [kort_F_have gode kort på hånden] with ID [22603] to TagSet [kort-tagset]
2015-09-07 16:23:05,087 [sussi]  Added tag [kort_F_holde kortene tæt ind til kroppen] with ID [22604] to TagSet [kort-tagset]
2015-09-07 16:23:23,171 [sussi]  Added tag [kort_F_kigge nogen i kortene] with ID [22605] to TagSet [kort-tagset]
2015-09-07 16:23:39,785 [sussi]  Added tag [kort_F_ligge i kortene] with ID [22606] to TagSet [kort-tagset]
2015-09-07 16:23:56,178 [sussi]  Added tag [kort_F_lægge kortene på bordet] with ID [22607] to TagSet [kort-tagset]
2015-09-07 16:24:23,967 [sussi]  Added tag [kort_F_røde kort] with ID [22608] to TagSet [kort-tagset]
2015-09-07 16:24:37,226 [sussi]  Added tag [kort_F_røde kort overført] with ID [22609] to TagSet [kort-tagset]
2015-09-07 16:24:55,684 [sussi]  Added tag [kort_F_spille med skjulte/fordækte kort] with ID [22610] to TagSet [kort-tagset]
2015-09-07 16:25:10,061 [sussi]  Added tag [kort_F_spille med åbne kort] with ID [22611] to TagSet [kort-tagset]
2015-09-07 16:25:22,487 [sussi]  Added tag [kort_F_spille sine kort godt/dårligt] with ID [22612] to TagSet [kort-tagset]
2015-09-07 16:25:36,549 [sussi]  Added tag [kort_F_sætte alt på et kort] with ID [22613] to TagSet [kort-tagset]
2015-09-07 16:26:39,153 [sussi]  Added layer [webanno.custom.Lexica] with ID [853]
2015-09-07 16:42:54,213 [ida]  New Permission created on Project[lex-kort] for user [ida] with permission [USER]]
2015-09-07 16:42:54,222 [selma]  New Permission created on Project[lex-kort] for user [selma] with permission [USER]]
2015-09-07 16:43:17,281 [bolette]  New Permission created on Project[lex-kort] for user [bolette] with permission [USER]]
2015-09-07 16:43:17,292 [sanni]  New Permission created on Project[lex-kort] for user [sanni] with permission [USER]]
2015-09-07 16:43:28,206 [bolette]  Removed Project Permission [USER] for the USer [bolette] From project [129]
2015-09-07 16:43:28,218 [bolette]  New Permission created on Project[lex-kort] for user [bolette] with permission [CURATOR]]
2015-09-07 16:43:28,234 [bolette]  New Permission created on Project[lex-kort] for user [bolette] with permission [USER]]
2015-09-07 16:43:35,310 [sanni]  Removed Project Permission [USER] for the USer [sanni] From project [129]
2015-09-07 16:43:35,334 [sanni]  New Permission created on Project[lex-kort] for user [sanni] with permission [CURATOR]]
2015-09-07 16:43:35,353 [sanni]  New Permission created on Project[lex-kort] for user [sanni] with permission [USER]]
2015-09-07 16:44:42,401 [anna]  New Permission created on Project[lex-kort] for user [anna] with permission [USER]]
2015-09-07 16:44:47,415 [anna]  Removed Project Permission [USER] for the USer [anna] From project [129]
2015-09-07 16:44:47,429 [anna]  New Permission created on Project[lex-kort] for user [anna] with permission [CURATOR]]
2015-09-07 16:44:47,445 [anna]  New Permission created on Project[lex-kort] for user [anna] with permission [USER]]
2015-09-07 20:52:04,311 [ida]  User [ida] creates annotation document for source document [2143] in project [129] with id [8077]
2015-09-07 20:52:05,104 [ida] Updated annotation document [kort_folketinget-1.xml] with ID [2143] in project ID [129] for user [ida]
2015-09-07 20:52:19,914 [ida]  Saved preferences file [annotation.properties] for project [lex-kort] with ID [129] to location: [/srv/webanno/repository/project/129/settings/ida]
2015-09-07 20:53:39,873 [ida] Updated annotation document [kort_folketinget-1.xml] with ID [2143] in project ID [129] for user [ida]
2015-09-07 20:55:03,765 [ida] Updated annotation document [kort_folketinget-1.xml] with ID [2143] in project ID [129] for user [ida]
2015-09-08 10:47:41,671 [sussi]  User [sussi] creates annotation document for source document [2143] in project [129] with id [8079]
2015-09-08 10:47:42,579 [sussi] Updated annotation document [kort_folketinget-1.xml] with ID [2143] in project ID [129] for user [sussi]
2015-09-08 10:53:09,566 [nicolai]  User [nicolai] creates annotation document for source document [2143] in project [129] with id [8084]
2015-09-08 10:53:10,424 [nicolai] Updated annotation document [kort_folketinget-1.xml] with ID [2143] in project ID [129] for user [nicolai]
2015-09-08 12:47:35,790 [nicolai]  Imported file [kort_politiken2-1.xml] with ID [2162] to Project [129]
2015-09-08 12:47:36,295 [nicolai]  Imported file [kort_ekstrabladet-1.xml] with ID [2163] to Project [129]
2015-09-08 12:47:36,470 [nicolai]  Imported file [kort_seoghoer-1.xml] with ID [2164] to Project [129]
2015-09-08 12:47:36,751 [nicolai]  Imported file [kort_politiken-2.xml] with ID [2165] to Project [129]
2015-09-09 18:04:14,060 [selma]  User [selma] creates annotation document for source document [2143] in project [129] with id [8090]
2015-09-09 18:04:15,838 [selma] Updated annotation document [kort_folketinget-1.xml] with ID [2143] in project ID [129] for user [selma]
2015-09-09 18:04:40,149 [selma]  Saved preferences file [annotation.properties] for project [lex-kort] with ID [129] to location: [/srv/webanno/repository/project/129/settings/selma]
2015-09-09 18:05:59,248 [selma]  User [selma] creates annotation document for source document [2144] in project [129] with id [8091]
2015-09-09 18:06:00,712 [selma] Updated annotation document [kort_politiken-1.xml] with ID [2144] in project ID [129] for user [selma]
2015-09-09 18:06:15,480 [selma]  Saved preferences file [annotation.properties] for project [lex-kort] with ID [129] to location: [/srv/webanno/repository/project/129/settings/selma]
2015-09-09 18:07:17,863 [selma]  User [selma] creates annotation document for source document [2145] in project [129] with id [8092]
2015-09-09 18:07:18,286 [selma] Updated annotation document [kort_mangamania-1.xml] with ID [2145] in project ID [129] for user [selma]
2015-09-09 18:07:22,674 [selma]  Saved preferences file [annotation.properties] for project [lex-kort] with ID [129] to location: [/srv/webanno/repository/project/129/settings/selma]
2015-09-09 18:07:36,154 [selma]  User [selma] creates annotation document for source document [2146] in project [129] with id [8093]
2015-09-09 18:07:36,274 [selma] Updated annotation document [kort_selvhenter-1.xml] with ID [2146] in project ID [129] for user [selma]
2015-09-09 18:07:45,358 [selma]  Saved preferences file [annotation.properties] for project [lex-kort] with ID [129] to location: [/srv/webanno/repository/project/129/settings/selma]
2015-09-09 18:13:03,623 [selma] Updated annotation document [kort_selvhenter-1.xml] with ID [2146] in project ID [129] for user [selma]
2015-09-09 18:13:09,907 [selma] Updated annotation document [kort_selvhenter-1.xml] with ID [2146] in project ID [129] for user [selma]
2015-09-09 18:13:14,291 [selma]  User [selma] creates annotation document for source document [2146] in project [129] with id [8093]
2015-09-09 18:14:00,727 [selma]  User [selma] creates annotation document for source document [2147] in project [129] with id [8095]
2015-09-09 18:14:00,850 [selma] Updated annotation document [kort_bentesblog-1.xml] with ID [2147] in project ID [129] for user [selma]
2015-09-09 18:14:38,690 [selma]  Saved preferences file [annotation.properties] for project [lex-kort] with ID [129] to location: [/srv/webanno/repository/project/129/settings/selma]
2015-09-09 18:14:59,071 [selma] Updated annotation document [kort_bentesblog-1.xml] with ID [2147] in project ID [129] for user [selma]
2015-09-09 18:23:07,375 [selma] Updated annotation document [kort_bentesblog-1.xml] with ID [2147] in project ID [129] for user [selma]
2015-09-09 18:23:31,215 [selma] Updated annotation document [kort_bentesblog-1.xml] with ID [2147] in project ID [129] for user [selma]
2015-09-09 18:23:48,851 [selma] Updated annotation document [kort_bentesblog-1.xml] with ID [2147] in project ID [129] for user [selma]
2015-09-09 18:24:08,726 [selma] Updated annotation document [kort_bentesblog-1.xml] with ID [2147] in project ID [129] for user [selma]
2015-09-09 18:25:42,575 [selma] Updated annotation document [kort_bentesblog-1.xml] with ID [2147] in project ID [129] for user [selma]
2015-09-09 18:25:46,059 [selma]  User [selma] creates annotation document for source document [2147] in project [129] with id [8095]
2015-09-09 18:27:06,929 [selma]  User [selma] creates annotation document for source document [2162] in project [129] with id [8097]
2015-09-09 18:27:08,146 [selma] Updated annotation document [kort_politiken2-1.xml] with ID [2162] in project ID [129] for user [selma]
2015-09-09 18:27:21,774 [selma]  User [selma] creates annotation document for source document [2163] in project [129] with id [8098]
2015-09-09 18:27:22,323 [selma] Updated annotation document [kort_ekstrabladet-1.xml] with ID [2163] in project ID [129] for user [selma]
2015-09-09 18:27:38,001 [selma]  User [selma] creates annotation document for source document [2164] in project [129] with id [8099]
2015-09-09 18:27:38,174 [selma] Updated annotation document [kort_seoghoer-1.xml] with ID [2164] in project ID [129] for user [selma]
2015-09-09 18:27:50,353 [selma]  User [selma] creates annotation document for source document [2165] in project [129] with id [8100]
2015-09-09 18:27:50,610 [selma] Updated annotation document [kort_politiken-2.xml] with ID [2165] in project ID [129] for user [selma]
2015-09-09 18:29:17,776 [selma] Updated annotation document [kort_seoghoer-1.xml] with ID [2164] in project ID [129] for user [selma]
2015-09-09 18:39:39,442 [selma] Updated annotation document [kort_politiken-2.xml] with ID [2165] in project ID [129] for user [selma]
2015-09-09 18:39:51,856 [selma] Updated annotation document [kort_politiken-2.xml] with ID [2165] in project ID [129] for user [selma]
2015-09-09 18:39:56,947 [selma] Updated annotation document [kort_politiken-2.xml] with ID [2165] in project ID [129] for user [selma]
2015-09-09 18:40:06,627 [selma] Updated annotation document [kort_politiken-2.xml] with ID [2165] in project ID [129] for user [selma]
2015-09-09 18:40:22,811 [selma] Updated annotation document [kort_politiken-2.xml] with ID [2165] in project ID [129] for user [selma]
2015-09-09 18:40:33,443 [selma] Updated annotation document [kort_politiken-2.xml] with ID [2165] in project ID [129] for user [selma]
2015-09-09 18:40:40,947 [selma] Updated annotation document [kort_politiken-2.xml] with ID [2165] in project ID [129] for user [selma]
2015-09-09 18:40:55,495 [selma] Updated annotation document [kort_politiken-2.xml] with ID [2165] in project ID [129] for user [selma]
2015-09-09 18:40:59,467 [selma] Updated annotation document [kort_politiken-2.xml] with ID [2165] in project ID [129] for user [selma]
2015-09-09 18:41:05,901 [selma] Updated annotation document [kort_politiken-2.xml] with ID [2165] in project ID [129] for user [selma]
2015-09-09 18:41:05,902 [selma] Removed surplus history file [selma.ser.1441816070000.bak] for document with ID [2165] in project ID [129]
2015-09-09 18:42:21,071 [selma] Updated annotation document [kort_politiken-2.xml] with ID [2165] in project ID [129] for user [selma]
2015-09-09 18:42:21,072 [selma] Removed surplus history file [selma.ser.1441816779000.bak] for document with ID [2165] in project ID [129]
2015-09-09 18:42:33,143 [selma] Updated annotation document [kort_politiken-2.xml] with ID [2165] in project ID [129] for user [selma]
2015-09-09 18:42:33,145 [selma] Removed surplus history file [selma.ser.1441816791000.bak] for document with ID [2165] in project ID [129]
2015-09-09 18:42:37,959 [selma] Updated annotation document [kort_politiken-2.xml] with ID [2165] in project ID [129] for user [selma]
2015-09-09 18:42:37,960 [selma] Removed surplus history file [selma.ser.1441816796000.bak] for document with ID [2165] in project ID [129]
2015-09-09 18:42:41,523 [selma] Updated annotation document [kort_politiken-2.xml] with ID [2165] in project ID [129] for user [selma]
2015-09-09 18:42:41,525 [selma] Removed surplus history file [selma.ser.1441816806000.bak] for document with ID [2165] in project ID [129]
2015-09-09 18:42:45,434 [selma] Updated annotation document [kort_politiken-2.xml] with ID [2165] in project ID [129] for user [selma]
2015-09-09 18:42:45,436 [selma] Removed surplus history file [selma.ser.1441816822000.bak] for document with ID [2165] in project ID [129]
2015-09-09 18:42:56,079 [selma] Updated annotation document [kort_politiken-2.xml] with ID [2165] in project ID [129] for user [selma]
2015-09-09 18:42:56,080 [selma] Removed surplus history file [selma.ser.1441816833000.bak] for document with ID [2165] in project ID [129]
2015-09-09 18:43:16,211 [selma] Updated annotation document [kort_politiken-2.xml] with ID [2165] in project ID [129] for user [selma]
2015-09-09 18:43:16,212 [selma] Removed surplus history file [selma.ser.1441816840000.bak] for document with ID [2165] in project ID [129]
2015-09-09 18:48:46,259 [selma] Updated annotation document [kort_politiken-2.xml] with ID [2165] in project ID [129] for user [selma]
2015-09-09 18:48:46,260 [selma] Removed surplus history file [selma.ser.1441816855000.bak] for document with ID [2165] in project ID [129]
2015-09-09 18:48:57,967 [selma] Updated annotation document [kort_politiken-2.xml] with ID [2165] in project ID [129] for user [selma]
2015-09-09 18:48:57,968 [selma] Removed surplus history file [selma.ser.1441816859000.bak] for document with ID [2165] in project ID [129]
2015-09-09 18:49:10,211 [selma] Updated annotation document [kort_politiken-2.xml] with ID [2165] in project ID [129] for user [selma]
2015-09-09 18:49:10,212 [selma] Removed surplus history file [selma.ser.1441816865000.bak] for document with ID [2165] in project ID [129]
2015-09-09 18:51:55,879 [selma] Updated annotation document [kort_politiken-2.xml] with ID [2165] in project ID [129] for user [selma]
2015-09-09 18:51:55,880 [selma] Removed surplus history file [selma.ser.1441816941000.bak] for document with ID [2165] in project ID [129]
2015-09-09 18:52:11,495 [selma] Updated annotation document [kort_politiken-2.xml] with ID [2165] in project ID [129] for user [selma]
2015-09-09 18:52:11,496 [selma] Removed surplus history file [selma.ser.1441816953000.bak] for document with ID [2165] in project ID [129]
2015-09-09 18:52:17,779 [selma] Updated annotation document [kort_politiken-2.xml] with ID [2165] in project ID [129] for user [selma]
2015-09-09 18:52:17,780 [selma] Removed surplus history file [selma.ser.1441816957000.bak] for document with ID [2165] in project ID [129]
2015-09-09 18:52:25,419 [selma] Updated annotation document [kort_politiken-2.xml] with ID [2165] in project ID [129] for user [selma]
2015-09-09 18:52:25,420 [selma] Removed surplus history file [selma.ser.1441816961000.bak] for document with ID [2165] in project ID [129]
2015-09-09 18:52:36,371 [selma] Updated annotation document [kort_politiken-2.xml] with ID [2165] in project ID [129] for user [selma]
2015-09-09 18:52:36,372 [selma] Removed surplus history file [selma.ser.1441816965000.bak] for document with ID [2165] in project ID [129]
2015-09-09 18:52:53,903 [selma] Updated annotation document [kort_politiken-2.xml] with ID [2165] in project ID [129] for user [selma]
2015-09-09 18:52:53,904 [selma] Removed surplus history file [selma.ser.1441816976000.bak] for document with ID [2165] in project ID [129]
2015-09-09 18:53:36,123 [selma] Updated annotation document [kort_politiken-2.xml] with ID [2165] in project ID [129] for user [selma]
2015-09-09 18:53:36,124 [selma] Removed surplus history file [selma.ser.1441816996000.bak] for document with ID [2165] in project ID [129]
2015-09-09 18:53:50,863 [selma] Updated annotation document [kort_politiken-2.xml] with ID [2165] in project ID [129] for user [selma]
2015-09-09 18:53:50,864 [selma] Removed surplus history file [selma.ser.1441817326000.bak] for document with ID [2165] in project ID [129]
2015-09-09 18:54:04,043 [selma] Updated annotation document [kort_politiken-2.xml] with ID [2165] in project ID [129] for user [selma]
2015-09-09 18:54:04,044 [selma] Removed surplus history file [selma.ser.1441817337000.bak] for document with ID [2165] in project ID [129]
2015-09-09 18:54:18,895 [selma] Updated annotation document [kort_politiken-2.xml] with ID [2165] in project ID [129] for user [selma]
2015-09-09 18:54:18,896 [selma] Removed surplus history file [selma.ser.1441817350000.bak] for document with ID [2165] in project ID [129]
2015-09-09 18:54:37,702 [selma] Updated annotation document [kort_politiken-2.xml] with ID [2165] in project ID [129] for user [selma]
2015-09-09 18:54:37,703 [selma] Removed surplus history file [selma.ser.1441817515000.bak] for document with ID [2165] in project ID [129]
2015-09-09 18:55:01,179 [selma] Updated annotation document [kort_politiken-2.xml] with ID [2165] in project ID [129] for user [selma]
2015-09-09 18:55:01,180 [selma] Removed surplus history file [selma.ser.1441817531000.bak] for document with ID [2165] in project ID [129]
2015-09-09 18:55:16,879 [selma] Updated annotation document [kort_politiken-2.xml] with ID [2165] in project ID [129] for user [selma]
2015-09-09 18:55:16,880 [selma] Removed surplus history file [selma.ser.1441817537000.bak] for document with ID [2165] in project ID [129]
2015-09-09 18:55:25,675 [selma] Updated annotation document [kort_politiken-2.xml] with ID [2165] in project ID [129] for user [selma]
2015-09-09 18:55:25,676 [selma] Removed surplus history file [selma.ser.1441817545000.bak] for document with ID [2165] in project ID [129]
2015-09-09 18:55:42,359 [selma] Updated annotation document [kort_politiken-2.xml] with ID [2165] in project ID [129] for user [selma]
2015-09-09 18:55:42,361 [selma] Removed surplus history file [selma.ser.1441817556000.bak] for document with ID [2165] in project ID [129]
2015-09-09 18:55:54,719 [selma] Updated annotation document [kort_politiken-2.xml] with ID [2165] in project ID [129] for user [selma]
2015-09-09 18:55:54,720 [selma] Removed surplus history file [selma.ser.1441817573000.bak] for document with ID [2165] in project ID [129]
2015-09-09 18:56:11,283 [selma] Updated annotation document [kort_politiken-2.xml] with ID [2165] in project ID [129] for user [selma]
2015-09-09 18:56:11,285 [selma] Removed surplus history file [selma.ser.1441817616000.bak] for document with ID [2165] in project ID [129]
2015-09-09 18:56:16,823 [selma] Updated annotation document [kort_politiken-2.xml] with ID [2165] in project ID [129] for user [selma]
2015-09-09 18:56:16,825 [selma] Removed surplus history file [selma.ser.1441817630000.bak] for document with ID [2165] in project ID [129]
2015-09-09 18:56:26,683 [selma] Updated annotation document [kort_politiken-2.xml] with ID [2165] in project ID [129] for user [selma]
2015-09-09 18:56:26,684 [selma] Removed surplus history file [selma.ser.1441817644000.bak] for document with ID [2165] in project ID [129]
2015-09-09 18:56:35,771 [selma] Updated annotation document [kort_politiken-2.xml] with ID [2165] in project ID [129] for user [selma]
2015-09-09 18:56:35,772 [selma] Removed surplus history file [selma.ser.1441817658000.bak] for document with ID [2165] in project ID [129]
2015-09-09 18:56:45,015 [selma] Updated annotation document [kort_politiken-2.xml] with ID [2165] in project ID [129] for user [selma]
2015-09-09 18:56:45,016 [selma] Removed surplus history file [selma.ser.1441817677000.bak] for document with ID [2165] in project ID [129]
2015-09-09 18:56:54,527 [selma] Updated annotation document [kort_politiken-2.xml] with ID [2165] in project ID [129] for user [selma]
2015-09-09 18:56:54,528 [selma] Removed surplus history file [selma.ser.1441817701000.bak] for document with ID [2165] in project ID [129]
2015-09-09 18:56:58,359 [selma] Updated annotation document [kort_politiken-2.xml] with ID [2165] in project ID [129] for user [selma]
2015-09-09 18:56:58,360 [selma] Removed surplus history file [selma.ser.1441817716000.bak] for document with ID [2165] in project ID [129]
2015-09-09 18:57:03,358 [selma]  User [selma] creates annotation document for source document [2165] in project [129] with id [8100]
2015-09-09 18:57:28,654 [selma] Updated annotation document [kort_politiken-1.xml] with ID [2144] in project ID [129] for user [selma]
2015-09-09 18:57:28,655 [selma] Removed outdated history file [selma.ser.1441814760000.bak]  for document with ID [2144] in project ID [129]
2015-09-09 18:57:51,722 [selma] Updated annotation document [kort_politiken2-1.xml] with ID [2162] in project ID [129] for user [selma]
2015-09-09 18:57:51,723 [selma] Removed outdated history file [selma.ser.1441816028000.bak]  for document with ID [2162] in project ID [129]
2015-09-10 10:13:49,351 [ida]  Exported annotation file [kort_folketinget-1.xml] with ID [2143] for user [ida] from project [129]
2015-09-10 10:13:49,573 [sussi]  Exported annotation file [kort_folketinget-1.xml] with ID [2143] for user [sussi] from project [129]
2015-09-10 10:13:49,803 [selma]  Exported annotation file [kort_folketinget-1.xml] with ID [2143] for user [selma] from project [129]
2015-09-10 10:13:50,060 [selma]  Exported annotation file [kort_politiken-1.xml] with ID [2144] for user [selma] from project [129]
2015-09-10 10:13:50,276 [selma]  Exported annotation file [kort_mangamania-1.xml] with ID [2145] for user [selma] from project [129]
2015-09-10 10:13:50,487 [selma]  Exported annotation file [kort_selvhenter-1.xml] with ID [2146] for user [selma] from project [129]
2015-09-10 10:13:50,685 [selma]  Exported annotation file [kort_bentesblog-1.xml] with ID [2147] for user [selma] from project [129]
2015-09-10 10:13:50,929 [selma]  Exported annotation file [kort_politiken2-1.xml] with ID [2162] for user [selma] from project [129]
2015-09-10 10:13:51,148 [selma]  Exported annotation file [kort_ekstrabladet-1.xml] with ID [2163] for user [selma] from project [129]
2015-09-10 10:13:51,326 [selma]  Exported annotation file [kort_seoghoer-1.xml] with ID [2164] for user [selma] from project [129]
2015-09-10 10:13:51,540 [selma]  Exported annotation file [kort_politiken-2.xml] with ID [2165] for user [selma] from project [129]
